[2025-10-16 16:55:58,735] {processor.py:153} INFO - Started process (PID=68) to work on /home/airflow/.local/lib/python3.7/site-packages/airflow/example_dags/example_dag_decorator.py
[2025-10-16 16:55:58,736] {processor.py:641} INFO - Processing file /home/airflow/.local/lib/python3.7/site-packages/airflow/example_dags/example_dag_decorator.py for tasks to queue
[2025-10-16 16:55:58,737] {logging_mixin.py:115} INFO - [2025-10-16 16:55:58,736] {dagbag.py:507} INFO - Filling up the DagBag from /home/airflow/.local/lib/python3.7/site-packages/airflow/example_dags/example_dag_decorator.py
[2025-10-16 16:55:58,770] {processor.py:651} INFO - DAG(s) dict_keys(['example_dag_decorator']) retrieved from /home/airflow/.local/lib/python3.7/site-packages/airflow/example_dags/example_dag_decorator.py
[2025-10-16 16:55:59,010] {logging_mixin.py:115} INFO - [2025-10-16 16:55:59,010] {manager.py:508} INFO - Created Permission View: can edit on DAG:example_dag_decorator
[2025-10-16 16:55:59,046] {logging_mixin.py:115} INFO - [2025-10-16 16:55:59,046] {manager.py:508} INFO - Created Permission View: can read on DAG:example_dag_decorator
[2025-10-16 16:55:59,059] {logging_mixin.py:115} INFO - [2025-10-16 16:55:59,059] {manager.py:508} INFO - Created Permission View: can delete on DAG:example_dag_decorator
[2025-10-16 16:55:59,061] {logging_mixin.py:115} INFO - [2025-10-16 16:55:59,060] {dag.py:2379} INFO - Sync 1 DAGs
[2025-10-16 16:55:59,072] {logging_mixin.py:115} INFO - [2025-10-16 16:55:59,072] {dag.py:2398} INFO - Creating ORM DAG for example_dag_decorator
[2025-10-16 16:55:59,084] {logging_mixin.py:115} INFO - [2025-10-16 16:55:59,084] {dag.py:2931} INFO - Setting next_dagrun for example_dag_decorator to None, run_after=None
[2025-10-16 16:55:59,098] {processor.py:161} INFO - Processing /home/airflow/.local/lib/python3.7/site-packages/airflow/example_dags/example_dag_decorator.py took 0.366 seconds
[2025-10-16 16:56:29,963] {processor.py:153} INFO - Started process (PID=129) to work on /home/airflow/.local/lib/python3.7/site-packages/airflow/example_dags/example_dag_decorator.py
[2025-10-16 16:56:29,963] {processor.py:641} INFO - Processing file /home/airflow/.local/lib/python3.7/site-packages/airflow/example_dags/example_dag_decorator.py for tasks to queue
[2025-10-16 16:56:29,964] {logging_mixin.py:115} INFO - [2025-10-16 16:56:29,964] {dagbag.py:507} INFO - Filling up the DagBag from /home/airflow/.local/lib/python3.7/site-packages/airflow/example_dags/example_dag_decorator.py
[2025-10-16 16:56:29,986] {processor.py:651} INFO - DAG(s) dict_keys(['example_dag_decorator']) retrieved from /home/airflow/.local/lib/python3.7/site-packages/airflow/example_dags/example_dag_decorator.py
[2025-10-16 16:56:30,160] {logging_mixin.py:115} INFO - [2025-10-16 16:56:30,160] {dag.py:2379} INFO - Sync 1 DAGs
[2025-10-16 16:56:30,184] {logging_mixin.py:115} INFO - [2025-10-16 16:56:30,184] {dag.py:2931} INFO - Setting next_dagrun for example_dag_decorator to None, run_after=None
[2025-10-16 16:56:30,200] {processor.py:161} INFO - Processing /home/airflow/.local/lib/python3.7/site-packages/airflow/example_dags/example_dag_decorator.py took 0.239 seconds
[2025-10-16 16:57:00,221] {processor.py:153} INFO - Started process (PID=182) to work on /home/airflow/.local/lib/python3.7/site-packages/airflow/example_dags/example_dag_decorator.py
[2025-10-16 16:57:00,221] {processor.py:641} INFO - Processing file /home/airflow/.local/lib/python3.7/site-packages/airflow/example_dags/example_dag_decorator.py for tasks to queue
[2025-10-16 16:57:00,222] {logging_mixin.py:115} INFO - [2025-10-16 16:57:00,222] {dagbag.py:507} INFO - Filling up the DagBag from /home/airflow/.local/lib/python3.7/site-packages/airflow/example_dags/example_dag_decorator.py
[2025-10-16 16:57:00,238] {processor.py:651} INFO - DAG(s) dict_keys(['example_dag_decorator']) retrieved from /home/airflow/.local/lib/python3.7/site-packages/airflow/example_dags/example_dag_decorator.py
[2025-10-16 16:57:00,383] {logging_mixin.py:115} INFO - [2025-10-16 16:57:00,383] {dag.py:2379} INFO - Sync 1 DAGs
[2025-10-16 16:57:00,398] {logging_mixin.py:115} INFO - [2025-10-16 16:57:00,398] {dag.py:2931} INFO - Setting next_dagrun for example_dag_decorator to None, run_after=None
[2025-10-16 16:57:00,416] {processor.py:161} INFO - Processing /home/airflow/.local/lib/python3.7/site-packages/airflow/example_dags/example_dag_decorator.py took 0.198 seconds
[2025-10-16 16:57:30,680] {processor.py:153} INFO - Started process (PID=242) to work on /home/airflow/.local/lib/python3.7/site-packages/airflow/example_dags/example_dag_decorator.py
[2025-10-16 16:57:30,681] {processor.py:641} INFO - Processing file /home/airflow/.local/lib/python3.7/site-packages/airflow/example_dags/example_dag_decorator.py for tasks to queue
[2025-10-16 16:57:30,682] {logging_mixin.py:115} INFO - [2025-10-16 16:57:30,682] {dagbag.py:507} INFO - Filling up the DagBag from /home/airflow/.local/lib/python3.7/site-packages/airflow/example_dags/example_dag_decorator.py
[2025-10-16 16:57:30,701] {processor.py:651} INFO - DAG(s) dict_keys(['example_dag_decorator']) retrieved from /home/airflow/.local/lib/python3.7/site-packages/airflow/example_dags/example_dag_decorator.py
[2025-10-16 16:57:30,912] {logging_mixin.py:115} INFO - [2025-10-16 16:57:30,912] {dag.py:2379} INFO - Sync 1 DAGs
[2025-10-16 16:57:30,933] {logging_mixin.py:115} INFO - [2025-10-16 16:57:30,933] {dag.py:2931} INFO - Setting next_dagrun for example_dag_decorator to None, run_after=None
[2025-10-16 16:57:30,950] {processor.py:161} INFO - Processing /home/airflow/.local/lib/python3.7/site-packages/airflow/example_dags/example_dag_decorator.py took 0.272 seconds
[2025-10-16 16:58:01,202] {processor.py:153} INFO - Started process (PID=303) to work on /home/airflow/.local/lib/python3.7/site-packages/airflow/example_dags/example_dag_decorator.py
[2025-10-16 16:58:01,202] {processor.py:641} INFO - Processing file /home/airflow/.local/lib/python3.7/site-packages/airflow/example_dags/example_dag_decorator.py for tasks to queue
[2025-10-16 16:58:01,202] {logging_mixin.py:115} INFO - [2025-10-16 16:58:01,202] {dagbag.py:507} INFO - Filling up the DagBag from /home/airflow/.local/lib/python3.7/site-packages/airflow/example_dags/example_dag_decorator.py
[2025-10-16 16:58:01,218] {processor.py:651} INFO - DAG(s) dict_keys(['example_dag_decorator']) retrieved from /home/airflow/.local/lib/python3.7/site-packages/airflow/example_dags/example_dag_decorator.py
[2025-10-16 16:58:01,379] {logging_mixin.py:115} INFO - [2025-10-16 16:58:01,379] {dag.py:2379} INFO - Sync 1 DAGs
[2025-10-16 16:58:01,403] {logging_mixin.py:115} INFO - [2025-10-16 16:58:01,403] {dag.py:2931} INFO - Setting next_dagrun for example_dag_decorator to None, run_after=None
[2025-10-16 16:58:01,422] {processor.py:161} INFO - Processing /home/airflow/.local/lib/python3.7/site-packages/airflow/example_dags/example_dag_decorator.py took 0.223 seconds
[2025-10-16 16:58:31,516] {processor.py:153} INFO - Started process (PID=355) to work on /home/airflow/.local/lib/python3.7/site-packages/airflow/example_dags/example_dag_decorator.py
[2025-10-16 16:58:31,516] {processor.py:641} INFO - Processing file /home/airflow/.local/lib/python3.7/site-packages/airflow/example_dags/example_dag_decorator.py for tasks to queue
[2025-10-16 16:58:31,517] {logging_mixin.py:115} INFO - [2025-10-16 16:58:31,517] {dagbag.py:507} INFO - Filling up the DagBag from /home/airflow/.local/lib/python3.7/site-packages/airflow/example_dags/example_dag_decorator.py
[2025-10-16 16:58:31,537] {processor.py:651} INFO - DAG(s) dict_keys(['example_dag_decorator']) retrieved from /home/airflow/.local/lib/python3.7/site-packages/airflow/example_dags/example_dag_decorator.py
[2025-10-16 16:58:31,688] {logging_mixin.py:115} INFO - [2025-10-16 16:58:31,687] {dag.py:2379} INFO - Sync 1 DAGs
[2025-10-16 16:58:31,705] {logging_mixin.py:115} INFO - [2025-10-16 16:58:31,705] {dag.py:2931} INFO - Setting next_dagrun for example_dag_decorator to None, run_after=None
[2025-10-16 16:58:31,718] {processor.py:161} INFO - Processing /home/airflow/.local/lib/python3.7/site-packages/airflow/example_dags/example_dag_decorator.py took 0.205 seconds
[2025-10-16 16:59:01,925] {processor.py:153} INFO - Started process (PID=416) to work on /home/airflow/.local/lib/python3.7/site-packages/airflow/example_dags/example_dag_decorator.py
[2025-10-16 16:59:01,926] {processor.py:641} INFO - Processing file /home/airflow/.local/lib/python3.7/site-packages/airflow/example_dags/example_dag_decorator.py for tasks to queue
[2025-10-16 16:59:01,926] {logging_mixin.py:115} INFO - [2025-10-16 16:59:01,926] {dagbag.py:507} INFO - Filling up the DagBag from /home/airflow/.local/lib/python3.7/site-packages/airflow/example_dags/example_dag_decorator.py
[2025-10-16 16:59:01,942] {processor.py:651} INFO - DAG(s) dict_keys(['example_dag_decorator']) retrieved from /home/airflow/.local/lib/python3.7/site-packages/airflow/example_dags/example_dag_decorator.py
[2025-10-16 16:59:02,082] {logging_mixin.py:115} INFO - [2025-10-16 16:59:02,082] {dag.py:2379} INFO - Sync 1 DAGs
[2025-10-16 16:59:02,098] {logging_mixin.py:115} INFO - [2025-10-16 16:59:02,098] {dag.py:2931} INFO - Setting next_dagrun for example_dag_decorator to None, run_after=None
[2025-10-16 16:59:02,108] {processor.py:161} INFO - Processing /home/airflow/.local/lib/python3.7/site-packages/airflow/example_dags/example_dag_decorator.py took 0.186 seconds
[2025-10-16 16:59:32,149] {processor.py:153} INFO - Started process (PID=477) to work on /home/airflow/.local/lib/python3.7/site-packages/airflow/example_dags/example_dag_decorator.py
[2025-10-16 16:59:32,150] {processor.py:641} INFO - Processing file /home/airflow/.local/lib/python3.7/site-packages/airflow/example_dags/example_dag_decorator.py for tasks to queue
[2025-10-16 16:59:32,150] {logging_mixin.py:115} INFO - [2025-10-16 16:59:32,150] {dagbag.py:507} INFO - Filling up the DagBag from /home/airflow/.local/lib/python3.7/site-packages/airflow/example_dags/example_dag_decorator.py
[2025-10-16 16:59:32,171] {processor.py:651} INFO - DAG(s) dict_keys(['example_dag_decorator']) retrieved from /home/airflow/.local/lib/python3.7/site-packages/airflow/example_dags/example_dag_decorator.py
[2025-10-16 16:59:32,350] {logging_mixin.py:115} INFO - [2025-10-16 16:59:32,350] {dag.py:2379} INFO - Sync 1 DAGs
[2025-10-16 16:59:32,370] {logging_mixin.py:115} INFO - [2025-10-16 16:59:32,370] {dag.py:2931} INFO - Setting next_dagrun for example_dag_decorator to None, run_after=None
[2025-10-16 16:59:32,390] {processor.py:161} INFO - Processing /home/airflow/.local/lib/python3.7/site-packages/airflow/example_dags/example_dag_decorator.py took 0.243 seconds
[2025-10-16 17:00:03,275] {processor.py:153} INFO - Started process (PID=538) to work on /home/airflow/.local/lib/python3.7/site-packages/airflow/example_dags/example_dag_decorator.py
[2025-10-16 17:00:03,275] {processor.py:641} INFO - Processing file /home/airflow/.local/lib/python3.7/site-packages/airflow/example_dags/example_dag_decorator.py for tasks to queue
[2025-10-16 17:00:03,276] {logging_mixin.py:115} INFO - [2025-10-16 17:00:03,275] {dagbag.py:507} INFO - Filling up the DagBag from /home/airflow/.local/lib/python3.7/site-packages/airflow/example_dags/example_dag_decorator.py
[2025-10-16 17:00:03,291] {processor.py:651} INFO - DAG(s) dict_keys(['example_dag_decorator']) retrieved from /home/airflow/.local/lib/python3.7/site-packages/airflow/example_dags/example_dag_decorator.py
[2025-10-16 17:00:03,426] {logging_mixin.py:115} INFO - [2025-10-16 17:00:03,426] {dag.py:2379} INFO - Sync 1 DAGs
[2025-10-16 17:00:03,443] {logging_mixin.py:115} INFO - [2025-10-16 17:00:03,443] {dag.py:2931} INFO - Setting next_dagrun for example_dag_decorator to None, run_after=None
[2025-10-16 17:00:03,457] {processor.py:161} INFO - Processing /home/airflow/.local/lib/python3.7/site-packages/airflow/example_dags/example_dag_decorator.py took 0.185 seconds
[2025-10-16 17:00:33,602] {processor.py:153} INFO - Started process (PID=590) to work on /home/airflow/.local/lib/python3.7/site-packages/airflow/example_dags/example_dag_decorator.py
[2025-10-16 17:00:33,603] {processor.py:641} INFO - Processing file /home/airflow/.local/lib/python3.7/site-packages/airflow/example_dags/example_dag_decorator.py for tasks to queue
[2025-10-16 17:00:33,603] {logging_mixin.py:115} INFO - [2025-10-16 17:00:33,603] {dagbag.py:507} INFO - Filling up the DagBag from /home/airflow/.local/lib/python3.7/site-packages/airflow/example_dags/example_dag_decorator.py
[2025-10-16 17:00:33,619] {processor.py:651} INFO - DAG(s) dict_keys(['example_dag_decorator']) retrieved from /home/airflow/.local/lib/python3.7/site-packages/airflow/example_dags/example_dag_decorator.py
[2025-10-16 17:00:33,637] {logging_mixin.py:115} INFO - [2025-10-16 17:00:33,637] {dag.py:2379} INFO - Sync 1 DAGs
[2025-10-16 17:00:33,750] {logging_mixin.py:115} INFO - [2025-10-16 17:00:33,749] {dag.py:2931} INFO - Setting next_dagrun for example_dag_decorator to None, run_after=None
[2025-10-16 17:00:33,761] {processor.py:161} INFO - Processing /home/airflow/.local/lib/python3.7/site-packages/airflow/example_dags/example_dag_decorator.py took 0.161 seconds
[2025-10-16 17:20:03,877] {processor.py:153} INFO - Started process (PID=68) to work on /home/airflow/.local/lib/python3.7/site-packages/airflow/example_dags/example_dag_decorator.py
[2025-10-16 17:20:03,878] {processor.py:641} INFO - Processing file /home/airflow/.local/lib/python3.7/site-packages/airflow/example_dags/example_dag_decorator.py for tasks to queue
[2025-10-16 17:20:03,879] {logging_mixin.py:115} INFO - [2025-10-16 17:20:03,879] {dagbag.py:507} INFO - Filling up the DagBag from /home/airflow/.local/lib/python3.7/site-packages/airflow/example_dags/example_dag_decorator.py
[2025-10-16 17:20:04,058] {processor.py:651} INFO - DAG(s) dict_keys(['example_dag_decorator']) retrieved from /home/airflow/.local/lib/python3.7/site-packages/airflow/example_dags/example_dag_decorator.py
[2025-10-16 17:20:04,433] {logging_mixin.py:115} INFO - [2025-10-16 17:20:04,433] {dag.py:2379} INFO - Sync 1 DAGs
[2025-10-16 17:20:04,462] {logging_mixin.py:115} INFO - [2025-10-16 17:20:04,462] {dag.py:2931} INFO - Setting next_dagrun for example_dag_decorator to None, run_after=None
[2025-10-16 17:20:04,495] {processor.py:161} INFO - Processing /home/airflow/.local/lib/python3.7/site-packages/airflow/example_dags/example_dag_decorator.py took 0.622 seconds
[2025-10-16 17:25:31,165] {processor.py:153} INFO - Started process (PID=59) to work on /home/airflow/.local/lib/python3.7/site-packages/airflow/example_dags/example_dag_decorator.py
[2025-10-16 17:25:31,172] {processor.py:641} INFO - Processing file /home/airflow/.local/lib/python3.7/site-packages/airflow/example_dags/example_dag_decorator.py for tasks to queue
[2025-10-16 17:25:31,174] {logging_mixin.py:115} INFO - [2025-10-16 17:25:31,174] {dagbag.py:507} INFO - Filling up the DagBag from /home/airflow/.local/lib/python3.7/site-packages/airflow/example_dags/example_dag_decorator.py
[2025-10-16 17:25:31,355] {processor.py:651} INFO - DAG(s) dict_keys(['example_dag_decorator']) retrieved from /home/airflow/.local/lib/python3.7/site-packages/airflow/example_dags/example_dag_decorator.py
[2025-10-16 17:25:31,509] {logging_mixin.py:115} INFO - [2025-10-16 17:25:31,508] {dag.py:2379} INFO - Sync 1 DAGs
[2025-10-16 17:25:32,280] {logging_mixin.py:115} INFO - [2025-10-16 17:25:32,280] {dag.py:2931} INFO - Setting next_dagrun for example_dag_decorator to None, run_after=None
[2025-10-16 17:25:32,304] {processor.py:161} INFO - Processing /home/airflow/.local/lib/python3.7/site-packages/airflow/example_dags/example_dag_decorator.py took 1.136 seconds
[2025-10-16 17:26:03,248] {processor.py:153} INFO - Started process (PID=121) to work on /home/airflow/.local/lib/python3.7/site-packages/airflow/example_dags/example_dag_decorator.py
[2025-10-16 17:26:03,248] {processor.py:641} INFO - Processing file /home/airflow/.local/lib/python3.7/site-packages/airflow/example_dags/example_dag_decorator.py for tasks to queue
[2025-10-16 17:26:03,249] {logging_mixin.py:115} INFO - [2025-10-16 17:26:03,249] {dagbag.py:507} INFO - Filling up the DagBag from /home/airflow/.local/lib/python3.7/site-packages/airflow/example_dags/example_dag_decorator.py
[2025-10-16 17:26:03,276] {processor.py:651} INFO - DAG(s) dict_keys(['example_dag_decorator']) retrieved from /home/airflow/.local/lib/python3.7/site-packages/airflow/example_dags/example_dag_decorator.py
[2025-10-16 17:26:03,335] {logging_mixin.py:115} INFO - [2025-10-16 17:26:03,335] {dag.py:2379} INFO - Sync 1 DAGs
[2025-10-16 17:26:03,445] {logging_mixin.py:115} INFO - [2025-10-16 17:26:03,445] {dag.py:2931} INFO - Setting next_dagrun for example_dag_decorator to None, run_after=None
[2025-10-16 17:26:03,456] {processor.py:161} INFO - Processing /home/airflow/.local/lib/python3.7/site-packages/airflow/example_dags/example_dag_decorator.py took 0.211 seconds
[2025-10-16 17:26:33,623] {processor.py:153} INFO - Started process (PID=182) to work on /home/airflow/.local/lib/python3.7/site-packages/airflow/example_dags/example_dag_decorator.py
[2025-10-16 17:26:33,623] {processor.py:641} INFO - Processing file /home/airflow/.local/lib/python3.7/site-packages/airflow/example_dags/example_dag_decorator.py for tasks to queue
[2025-10-16 17:26:33,624] {logging_mixin.py:115} INFO - [2025-10-16 17:26:33,624] {dagbag.py:507} INFO - Filling up the DagBag from /home/airflow/.local/lib/python3.7/site-packages/airflow/example_dags/example_dag_decorator.py
[2025-10-16 17:26:33,648] {processor.py:651} INFO - DAG(s) dict_keys(['example_dag_decorator']) retrieved from /home/airflow/.local/lib/python3.7/site-packages/airflow/example_dags/example_dag_decorator.py
[2025-10-16 17:26:33,715] {logging_mixin.py:115} INFO - [2025-10-16 17:26:33,715] {dag.py:2379} INFO - Sync 1 DAGs
[2025-10-16 17:26:33,836] {logging_mixin.py:115} INFO - [2025-10-16 17:26:33,836] {dag.py:2931} INFO - Setting next_dagrun for example_dag_decorator to None, run_after=None
[2025-10-16 17:26:33,858] {processor.py:161} INFO - Processing /home/airflow/.local/lib/python3.7/site-packages/airflow/example_dags/example_dag_decorator.py took 0.239 seconds
[2025-10-16 17:27:03,913] {processor.py:153} INFO - Started process (PID=236) to work on /home/airflow/.local/lib/python3.7/site-packages/airflow/example_dags/example_dag_decorator.py
[2025-10-16 17:27:03,914] {processor.py:641} INFO - Processing file /home/airflow/.local/lib/python3.7/site-packages/airflow/example_dags/example_dag_decorator.py for tasks to queue
[2025-10-16 17:27:03,915] {logging_mixin.py:115} INFO - [2025-10-16 17:27:03,915] {dagbag.py:507} INFO - Filling up the DagBag from /home/airflow/.local/lib/python3.7/site-packages/airflow/example_dags/example_dag_decorator.py
[2025-10-16 17:27:03,937] {processor.py:651} INFO - DAG(s) dict_keys(['example_dag_decorator']) retrieved from /home/airflow/.local/lib/python3.7/site-packages/airflow/example_dags/example_dag_decorator.py
[2025-10-16 17:27:04,014] {logging_mixin.py:115} INFO - [2025-10-16 17:27:04,014] {dag.py:2379} INFO - Sync 1 DAGs
[2025-10-16 17:27:04,178] {logging_mixin.py:115} INFO - [2025-10-16 17:27:04,178] {dag.py:2931} INFO - Setting next_dagrun for example_dag_decorator to None, run_after=None
[2025-10-16 17:27:04,193] {processor.py:161} INFO - Processing /home/airflow/.local/lib/python3.7/site-packages/airflow/example_dags/example_dag_decorator.py took 0.282 seconds
[2025-10-16 17:27:34,696] {processor.py:153} INFO - Started process (PID=295) to work on /home/airflow/.local/lib/python3.7/site-packages/airflow/example_dags/example_dag_decorator.py
[2025-10-16 17:27:34,697] {processor.py:641} INFO - Processing file /home/airflow/.local/lib/python3.7/site-packages/airflow/example_dags/example_dag_decorator.py for tasks to queue
[2025-10-16 17:27:34,697] {logging_mixin.py:115} INFO - [2025-10-16 17:27:34,697] {dagbag.py:507} INFO - Filling up the DagBag from /home/airflow/.local/lib/python3.7/site-packages/airflow/example_dags/example_dag_decorator.py
[2025-10-16 17:27:34,721] {processor.py:651} INFO - DAG(s) dict_keys(['example_dag_decorator']) retrieved from /home/airflow/.local/lib/python3.7/site-packages/airflow/example_dags/example_dag_decorator.py
[2025-10-16 17:27:34,751] {logging_mixin.py:115} INFO - [2025-10-16 17:27:34,751] {dag.py:2379} INFO - Sync 1 DAGs
[2025-10-16 17:27:34,771] {logging_mixin.py:115} INFO - [2025-10-16 17:27:34,771] {dag.py:2931} INFO - Setting next_dagrun for example_dag_decorator to None, run_after=None
[2025-10-16 17:27:34,786] {processor.py:161} INFO - Processing /home/airflow/.local/lib/python3.7/site-packages/airflow/example_dags/example_dag_decorator.py took 0.094 seconds
[2025-10-16 17:28:05,142] {processor.py:153} INFO - Started process (PID=356) to work on /home/airflow/.local/lib/python3.7/site-packages/airflow/example_dags/example_dag_decorator.py
[2025-10-16 17:28:05,143] {processor.py:641} INFO - Processing file /home/airflow/.local/lib/python3.7/site-packages/airflow/example_dags/example_dag_decorator.py for tasks to queue
[2025-10-16 17:28:05,144] {logging_mixin.py:115} INFO - [2025-10-16 17:28:05,144] {dagbag.py:507} INFO - Filling up the DagBag from /home/airflow/.local/lib/python3.7/site-packages/airflow/example_dags/example_dag_decorator.py
[2025-10-16 17:28:05,179] {processor.py:651} INFO - DAG(s) dict_keys(['example_dag_decorator']) retrieved from /home/airflow/.local/lib/python3.7/site-packages/airflow/example_dags/example_dag_decorator.py
[2025-10-16 17:28:05,248] {logging_mixin.py:115} INFO - [2025-10-16 17:28:05,247] {dag.py:2379} INFO - Sync 1 DAGs
[2025-10-16 17:28:05,442] {logging_mixin.py:115} INFO - [2025-10-16 17:28:05,442] {dag.py:2931} INFO - Setting next_dagrun for example_dag_decorator to None, run_after=None
[2025-10-16 17:28:05,469] {processor.py:161} INFO - Processing /home/airflow/.local/lib/python3.7/site-packages/airflow/example_dags/example_dag_decorator.py took 0.331 seconds
[2025-10-16 17:28:36,364] {processor.py:153} INFO - Started process (PID=409) to work on /home/airflow/.local/lib/python3.7/site-packages/airflow/example_dags/example_dag_decorator.py
[2025-10-16 17:28:36,364] {processor.py:641} INFO - Processing file /home/airflow/.local/lib/python3.7/site-packages/airflow/example_dags/example_dag_decorator.py for tasks to queue
[2025-10-16 17:28:36,365] {logging_mixin.py:115} INFO - [2025-10-16 17:28:36,365] {dagbag.py:507} INFO - Filling up the DagBag from /home/airflow/.local/lib/python3.7/site-packages/airflow/example_dags/example_dag_decorator.py
[2025-10-16 17:28:36,388] {processor.py:651} INFO - DAG(s) dict_keys(['example_dag_decorator']) retrieved from /home/airflow/.local/lib/python3.7/site-packages/airflow/example_dags/example_dag_decorator.py
[2025-10-16 17:28:36,452] {logging_mixin.py:115} INFO - [2025-10-16 17:28:36,451] {dag.py:2379} INFO - Sync 1 DAGs
[2025-10-16 17:28:36,564] {logging_mixin.py:115} INFO - [2025-10-16 17:28:36,564] {dag.py:2931} INFO - Setting next_dagrun for example_dag_decorator to None, run_after=None
[2025-10-16 17:28:36,575] {processor.py:161} INFO - Processing /home/airflow/.local/lib/python3.7/site-packages/airflow/example_dags/example_dag_decorator.py took 0.214 seconds
[2025-10-16 17:29:06,760] {processor.py:153} INFO - Started process (PID=470) to work on /home/airflow/.local/lib/python3.7/site-packages/airflow/example_dags/example_dag_decorator.py
[2025-10-16 17:29:06,761] {processor.py:641} INFO - Processing file /home/airflow/.local/lib/python3.7/site-packages/airflow/example_dags/example_dag_decorator.py for tasks to queue
[2025-10-16 17:29:06,762] {logging_mixin.py:115} INFO - [2025-10-16 17:29:06,761] {dagbag.py:507} INFO - Filling up the DagBag from /home/airflow/.local/lib/python3.7/site-packages/airflow/example_dags/example_dag_decorator.py
[2025-10-16 17:29:06,783] {processor.py:651} INFO - DAG(s) dict_keys(['example_dag_decorator']) retrieved from /home/airflow/.local/lib/python3.7/site-packages/airflow/example_dags/example_dag_decorator.py
[2025-10-16 17:29:06,839] {logging_mixin.py:115} INFO - [2025-10-16 17:29:06,839] {dag.py:2379} INFO - Sync 1 DAGs
[2025-10-16 17:29:06,967] {logging_mixin.py:115} INFO - [2025-10-16 17:29:06,967] {dag.py:2931} INFO - Setting next_dagrun for example_dag_decorator to None, run_after=None
[2025-10-16 17:29:06,982] {processor.py:161} INFO - Processing /home/airflow/.local/lib/python3.7/site-packages/airflow/example_dags/example_dag_decorator.py took 0.224 seconds
[2025-10-16 17:30:22,071] {processor.py:153} INFO - Started process (PID=59) to work on /home/airflow/.local/lib/python3.7/site-packages/airflow/example_dags/example_dag_decorator.py
[2025-10-16 17:30:22,073] {processor.py:641} INFO - Processing file /home/airflow/.local/lib/python3.7/site-packages/airflow/example_dags/example_dag_decorator.py for tasks to queue
[2025-10-16 17:30:22,074] {logging_mixin.py:115} INFO - [2025-10-16 17:30:22,074] {dagbag.py:507} INFO - Filling up the DagBag from /home/airflow/.local/lib/python3.7/site-packages/airflow/example_dags/example_dag_decorator.py
[2025-10-16 17:30:22,106] {processor.py:651} INFO - DAG(s) dict_keys(['example_dag_decorator']) retrieved from /home/airflow/.local/lib/python3.7/site-packages/airflow/example_dags/example_dag_decorator.py
[2025-10-16 17:30:22,212] {logging_mixin.py:115} INFO - [2025-10-16 17:30:22,212] {dag.py:2379} INFO - Sync 1 DAGs
[2025-10-16 17:30:22,444] {logging_mixin.py:115} INFO - [2025-10-16 17:30:22,444] {dag.py:2931} INFO - Setting next_dagrun for example_dag_decorator to None, run_after=None
[2025-10-16 17:30:22,489] {processor.py:161} INFO - Processing /home/airflow/.local/lib/python3.7/site-packages/airflow/example_dags/example_dag_decorator.py took 0.431 seconds
[2025-10-16 17:30:52,527] {processor.py:153} INFO - Started process (PID=119) to work on /home/airflow/.local/lib/python3.7/site-packages/airflow/example_dags/example_dag_decorator.py
[2025-10-16 17:30:52,527] {processor.py:641} INFO - Processing file /home/airflow/.local/lib/python3.7/site-packages/airflow/example_dags/example_dag_decorator.py for tasks to queue
[2025-10-16 17:30:52,528] {logging_mixin.py:115} INFO - [2025-10-16 17:30:52,527] {dagbag.py:507} INFO - Filling up the DagBag from /home/airflow/.local/lib/python3.7/site-packages/airflow/example_dags/example_dag_decorator.py
[2025-10-16 17:30:52,548] {processor.py:651} INFO - DAG(s) dict_keys(['example_dag_decorator']) retrieved from /home/airflow/.local/lib/python3.7/site-packages/airflow/example_dags/example_dag_decorator.py
[2025-10-16 17:30:52,597] {logging_mixin.py:115} INFO - [2025-10-16 17:30:52,597] {dag.py:2379} INFO - Sync 1 DAGs
[2025-10-16 17:30:52,706] {logging_mixin.py:115} INFO - [2025-10-16 17:30:52,706] {dag.py:2931} INFO - Setting next_dagrun for example_dag_decorator to None, run_after=None
[2025-10-16 17:30:52,715] {processor.py:161} INFO - Processing /home/airflow/.local/lib/python3.7/site-packages/airflow/example_dags/example_dag_decorator.py took 0.190 seconds
[2025-10-16 17:31:23,044] {processor.py:153} INFO - Started process (PID=180) to work on /home/airflow/.local/lib/python3.7/site-packages/airflow/example_dags/example_dag_decorator.py
[2025-10-16 17:31:23,045] {processor.py:641} INFO - Processing file /home/airflow/.local/lib/python3.7/site-packages/airflow/example_dags/example_dag_decorator.py for tasks to queue
[2025-10-16 17:31:23,047] {logging_mixin.py:115} INFO - [2025-10-16 17:31:23,047] {dagbag.py:507} INFO - Filling up the DagBag from /home/airflow/.local/lib/python3.7/site-packages/airflow/example_dags/example_dag_decorator.py
[2025-10-16 17:31:23,079] {processor.py:651} INFO - DAG(s) dict_keys(['example_dag_decorator']) retrieved from /home/airflow/.local/lib/python3.7/site-packages/airflow/example_dags/example_dag_decorator.py
[2025-10-16 17:31:23,178] {logging_mixin.py:115} INFO - [2025-10-16 17:31:23,178] {dag.py:2379} INFO - Sync 1 DAGs
[2025-10-16 17:31:23,457] {logging_mixin.py:115} INFO - [2025-10-16 17:31:23,456] {dag.py:2931} INFO - Setting next_dagrun for example_dag_decorator to None, run_after=None
[2025-10-16 17:31:23,477] {processor.py:161} INFO - Processing /home/airflow/.local/lib/python3.7/site-packages/airflow/example_dags/example_dag_decorator.py took 0.436 seconds
[2025-10-16 17:31:53,620] {processor.py:153} INFO - Started process (PID=232) to work on /home/airflow/.local/lib/python3.7/site-packages/airflow/example_dags/example_dag_decorator.py
[2025-10-16 17:31:53,623] {processor.py:641} INFO - Processing file /home/airflow/.local/lib/python3.7/site-packages/airflow/example_dags/example_dag_decorator.py for tasks to queue
[2025-10-16 17:31:53,625] {logging_mixin.py:115} INFO - [2025-10-16 17:31:53,625] {dagbag.py:507} INFO - Filling up the DagBag from /home/airflow/.local/lib/python3.7/site-packages/airflow/example_dags/example_dag_decorator.py
[2025-10-16 17:31:53,648] {processor.py:651} INFO - DAG(s) dict_keys(['example_dag_decorator']) retrieved from /home/airflow/.local/lib/python3.7/site-packages/airflow/example_dags/example_dag_decorator.py
[2025-10-16 17:31:53,715] {logging_mixin.py:115} INFO - [2025-10-16 17:31:53,715] {dag.py:2379} INFO - Sync 1 DAGs
[2025-10-16 17:31:53,863] {logging_mixin.py:115} INFO - [2025-10-16 17:31:53,863] {dag.py:2931} INFO - Setting next_dagrun for example_dag_decorator to None, run_after=None
[2025-10-16 17:31:53,876] {processor.py:161} INFO - Processing /home/airflow/.local/lib/python3.7/site-packages/airflow/example_dags/example_dag_decorator.py took 0.261 seconds
[2025-10-16 17:32:24,345] {processor.py:153} INFO - Started process (PID=293) to work on /home/airflow/.local/lib/python3.7/site-packages/airflow/example_dags/example_dag_decorator.py
[2025-10-16 17:32:24,346] {processor.py:641} INFO - Processing file /home/airflow/.local/lib/python3.7/site-packages/airflow/example_dags/example_dag_decorator.py for tasks to queue
[2025-10-16 17:32:24,346] {logging_mixin.py:115} INFO - [2025-10-16 17:32:24,346] {dagbag.py:507} INFO - Filling up the DagBag from /home/airflow/.local/lib/python3.7/site-packages/airflow/example_dags/example_dag_decorator.py
[2025-10-16 17:32:24,373] {processor.py:651} INFO - DAG(s) dict_keys(['example_dag_decorator']) retrieved from /home/airflow/.local/lib/python3.7/site-packages/airflow/example_dags/example_dag_decorator.py
[2025-10-16 17:32:24,431] {logging_mixin.py:115} INFO - [2025-10-16 17:32:24,431] {dag.py:2379} INFO - Sync 1 DAGs
[2025-10-16 17:32:24,560] {logging_mixin.py:115} INFO - [2025-10-16 17:32:24,560] {dag.py:2931} INFO - Setting next_dagrun for example_dag_decorator to None, run_after=None
[2025-10-16 17:32:24,573] {processor.py:161} INFO - Processing /home/airflow/.local/lib/python3.7/site-packages/airflow/example_dags/example_dag_decorator.py took 0.231 seconds
[2025-10-16 17:32:54,610] {processor.py:153} INFO - Started process (PID=354) to work on /home/airflow/.local/lib/python3.7/site-packages/airflow/example_dags/example_dag_decorator.py
[2025-10-16 17:32:54,611] {processor.py:641} INFO - Processing file /home/airflow/.local/lib/python3.7/site-packages/airflow/example_dags/example_dag_decorator.py for tasks to queue
[2025-10-16 17:32:54,611] {logging_mixin.py:115} INFO - [2025-10-16 17:32:54,611] {dagbag.py:507} INFO - Filling up the DagBag from /home/airflow/.local/lib/python3.7/site-packages/airflow/example_dags/example_dag_decorator.py
[2025-10-16 17:32:54,633] {processor.py:651} INFO - DAG(s) dict_keys(['example_dag_decorator']) retrieved from /home/airflow/.local/lib/python3.7/site-packages/airflow/example_dags/example_dag_decorator.py
[2025-10-16 17:32:54,690] {logging_mixin.py:115} INFO - [2025-10-16 17:32:54,690] {dag.py:2379} INFO - Sync 1 DAGs
[2025-10-16 17:32:54,805] {logging_mixin.py:115} INFO - [2025-10-16 17:32:54,805] {dag.py:2931} INFO - Setting next_dagrun for example_dag_decorator to None, run_after=None
[2025-10-16 17:32:54,817] {processor.py:161} INFO - Processing /home/airflow/.local/lib/python3.7/site-packages/airflow/example_dags/example_dag_decorator.py took 0.210 seconds
[2025-10-16 17:52:14,373] {processor.py:153} INFO - Started process (PID=68) to work on /home/airflow/.local/lib/python3.7/site-packages/airflow/example_dags/example_dag_decorator.py
[2025-10-16 17:52:14,373] {processor.py:641} INFO - Processing file /home/airflow/.local/lib/python3.7/site-packages/airflow/example_dags/example_dag_decorator.py for tasks to queue
[2025-10-16 17:52:14,374] {logging_mixin.py:115} INFO - [2025-10-16 17:52:14,374] {dagbag.py:507} INFO - Filling up the DagBag from /home/airflow/.local/lib/python3.7/site-packages/airflow/example_dags/example_dag_decorator.py
[2025-10-16 17:52:14,405] {processor.py:651} INFO - DAG(s) dict_keys(['example_dag_decorator']) retrieved from /home/airflow/.local/lib/python3.7/site-packages/airflow/example_dags/example_dag_decorator.py
[2025-10-16 17:52:14,777] {logging_mixin.py:115} INFO - [2025-10-16 17:52:14,777] {manager.py:508} INFO - Created Permission View: can delete on DAG:example_dag_decorator
[2025-10-16 17:52:14,795] {logging_mixin.py:115} INFO - [2025-10-16 17:52:14,795] {manager.py:508} INFO - Created Permission View: can read on DAG:example_dag_decorator
[2025-10-16 17:52:14,823] {logging_mixin.py:115} INFO - [2025-10-16 17:52:14,823] {manager.py:508} INFO - Created Permission View: can edit on DAG:example_dag_decorator
[2025-10-16 17:52:14,823] {logging_mixin.py:115} INFO - [2025-10-16 17:52:14,823] {dag.py:2379} INFO - Sync 1 DAGs
[2025-10-16 17:52:14,835] {logging_mixin.py:115} INFO - [2025-10-16 17:52:14,835] {dag.py:2398} INFO - Creating ORM DAG for example_dag_decorator
[2025-10-16 17:52:14,849] {logging_mixin.py:115} INFO - [2025-10-16 17:52:14,849] {dag.py:2931} INFO - Setting next_dagrun for example_dag_decorator to None, run_after=None
[2025-10-16 17:52:14,910] {processor.py:161} INFO - Processing /home/airflow/.local/lib/python3.7/site-packages/airflow/example_dags/example_dag_decorator.py took 0.541 seconds
[2025-10-16 17:52:45,024] {processor.py:153} INFO - Started process (PID=129) to work on /home/airflow/.local/lib/python3.7/site-packages/airflow/example_dags/example_dag_decorator.py
[2025-10-16 17:52:45,025] {processor.py:641} INFO - Processing file /home/airflow/.local/lib/python3.7/site-packages/airflow/example_dags/example_dag_decorator.py for tasks to queue
[2025-10-16 17:52:45,025] {logging_mixin.py:115} INFO - [2025-10-16 17:52:45,025] {dagbag.py:507} INFO - Filling up the DagBag from /home/airflow/.local/lib/python3.7/site-packages/airflow/example_dags/example_dag_decorator.py
[2025-10-16 17:52:45,044] {processor.py:651} INFO - DAG(s) dict_keys(['example_dag_decorator']) retrieved from /home/airflow/.local/lib/python3.7/site-packages/airflow/example_dags/example_dag_decorator.py
[2025-10-16 17:52:45,204] {logging_mixin.py:115} INFO - [2025-10-16 17:52:45,203] {dag.py:2379} INFO - Sync 1 DAGs
[2025-10-16 17:52:45,223] {logging_mixin.py:115} INFO - [2025-10-16 17:52:45,222] {dag.py:2931} INFO - Setting next_dagrun for example_dag_decorator to None, run_after=None
[2025-10-16 17:52:45,235] {processor.py:161} INFO - Processing /home/airflow/.local/lib/python3.7/site-packages/airflow/example_dags/example_dag_decorator.py took 0.213 seconds
[2025-10-16 17:53:16,144] {processor.py:153} INFO - Started process (PID=187) to work on /home/airflow/.local/lib/python3.7/site-packages/airflow/example_dags/example_dag_decorator.py
[2025-10-16 17:53:16,144] {processor.py:641} INFO - Processing file /home/airflow/.local/lib/python3.7/site-packages/airflow/example_dags/example_dag_decorator.py for tasks to queue
[2025-10-16 17:53:16,145] {logging_mixin.py:115} INFO - [2025-10-16 17:53:16,145] {dagbag.py:507} INFO - Filling up the DagBag from /home/airflow/.local/lib/python3.7/site-packages/airflow/example_dags/example_dag_decorator.py
[2025-10-16 17:53:16,167] {processor.py:651} INFO - DAG(s) dict_keys(['example_dag_decorator']) retrieved from /home/airflow/.local/lib/python3.7/site-packages/airflow/example_dags/example_dag_decorator.py
[2025-10-16 17:53:16,366] {logging_mixin.py:115} INFO - [2025-10-16 17:53:16,366] {dag.py:2379} INFO - Sync 1 DAGs
[2025-10-16 17:53:16,386] {logging_mixin.py:115} INFO - [2025-10-16 17:53:16,386] {dag.py:2931} INFO - Setting next_dagrun for example_dag_decorator to None, run_after=None
[2025-10-16 17:53:16,406] {processor.py:161} INFO - Processing /home/airflow/.local/lib/python3.7/site-packages/airflow/example_dags/example_dag_decorator.py took 0.266 seconds
[2025-10-16 17:53:46,558] {processor.py:153} INFO - Started process (PID=242) to work on /home/airflow/.local/lib/python3.7/site-packages/airflow/example_dags/example_dag_decorator.py
[2025-10-16 17:53:46,558] {processor.py:641} INFO - Processing file /home/airflow/.local/lib/python3.7/site-packages/airflow/example_dags/example_dag_decorator.py for tasks to queue
[2025-10-16 17:53:46,559] {logging_mixin.py:115} INFO - [2025-10-16 17:53:46,559] {dagbag.py:507} INFO - Filling up the DagBag from /home/airflow/.local/lib/python3.7/site-packages/airflow/example_dags/example_dag_decorator.py
[2025-10-16 17:53:46,581] {processor.py:651} INFO - DAG(s) dict_keys(['example_dag_decorator']) retrieved from /home/airflow/.local/lib/python3.7/site-packages/airflow/example_dags/example_dag_decorator.py
[2025-10-16 17:53:46,765] {logging_mixin.py:115} INFO - [2025-10-16 17:53:46,765] {dag.py:2379} INFO - Sync 1 DAGs
[2025-10-16 17:53:46,789] {logging_mixin.py:115} INFO - [2025-10-16 17:53:46,789] {dag.py:2931} INFO - Setting next_dagrun for example_dag_decorator to None, run_after=None
[2025-10-16 17:53:46,810] {processor.py:161} INFO - Processing /home/airflow/.local/lib/python3.7/site-packages/airflow/example_dags/example_dag_decorator.py took 0.255 seconds
[2025-10-16 17:54:17,389] {processor.py:153} INFO - Started process (PID=303) to work on /home/airflow/.local/lib/python3.7/site-packages/airflow/example_dags/example_dag_decorator.py
[2025-10-16 17:54:17,389] {processor.py:641} INFO - Processing file /home/airflow/.local/lib/python3.7/site-packages/airflow/example_dags/example_dag_decorator.py for tasks to queue
[2025-10-16 17:54:17,390] {logging_mixin.py:115} INFO - [2025-10-16 17:54:17,390] {dagbag.py:507} INFO - Filling up the DagBag from /home/airflow/.local/lib/python3.7/site-packages/airflow/example_dags/example_dag_decorator.py
[2025-10-16 17:54:17,410] {processor.py:651} INFO - DAG(s) dict_keys(['example_dag_decorator']) retrieved from /home/airflow/.local/lib/python3.7/site-packages/airflow/example_dags/example_dag_decorator.py
[2025-10-16 17:54:17,566] {logging_mixin.py:115} INFO - [2025-10-16 17:54:17,566] {dag.py:2379} INFO - Sync 1 DAGs
[2025-10-16 17:54:17,586] {logging_mixin.py:115} INFO - [2025-10-16 17:54:17,585] {dag.py:2931} INFO - Setting next_dagrun for example_dag_decorator to None, run_after=None
[2025-10-16 17:54:17,601] {processor.py:161} INFO - Processing /home/airflow/.local/lib/python3.7/site-packages/airflow/example_dags/example_dag_decorator.py took 0.215 seconds
[2025-10-16 17:54:47,826] {processor.py:153} INFO - Started process (PID=355) to work on /home/airflow/.local/lib/python3.7/site-packages/airflow/example_dags/example_dag_decorator.py
[2025-10-16 17:54:47,827] {processor.py:641} INFO - Processing file /home/airflow/.local/lib/python3.7/site-packages/airflow/example_dags/example_dag_decorator.py for tasks to queue
[2025-10-16 17:54:47,830] {logging_mixin.py:115} INFO - [2025-10-16 17:54:47,830] {dagbag.py:507} INFO - Filling up the DagBag from /home/airflow/.local/lib/python3.7/site-packages/airflow/example_dags/example_dag_decorator.py
[2025-10-16 17:54:47,852] {processor.py:651} INFO - DAG(s) dict_keys(['example_dag_decorator']) retrieved from /home/airflow/.local/lib/python3.7/site-packages/airflow/example_dags/example_dag_decorator.py
[2025-10-16 17:54:48,022] {logging_mixin.py:115} INFO - [2025-10-16 17:54:48,022] {dag.py:2379} INFO - Sync 1 DAGs
[2025-10-16 17:54:48,047] {logging_mixin.py:115} INFO - [2025-10-16 17:54:48,047] {dag.py:2931} INFO - Setting next_dagrun for example_dag_decorator to None, run_after=None
[2025-10-16 17:54:48,062] {processor.py:161} INFO - Processing /home/airflow/.local/lib/python3.7/site-packages/airflow/example_dags/example_dag_decorator.py took 0.239 seconds
[2025-10-16 17:55:18,557] {processor.py:153} INFO - Started process (PID=416) to work on /home/airflow/.local/lib/python3.7/site-packages/airflow/example_dags/example_dag_decorator.py
[2025-10-16 17:55:18,558] {processor.py:641} INFO - Processing file /home/airflow/.local/lib/python3.7/site-packages/airflow/example_dags/example_dag_decorator.py for tasks to queue
[2025-10-16 17:55:18,559] {logging_mixin.py:115} INFO - [2025-10-16 17:55:18,559] {dagbag.py:507} INFO - Filling up the DagBag from /home/airflow/.local/lib/python3.7/site-packages/airflow/example_dags/example_dag_decorator.py
[2025-10-16 17:55:18,598] {processor.py:651} INFO - DAG(s) dict_keys(['example_dag_decorator']) retrieved from /home/airflow/.local/lib/python3.7/site-packages/airflow/example_dags/example_dag_decorator.py
[2025-10-16 17:55:18,947] {logging_mixin.py:115} INFO - [2025-10-16 17:55:18,946] {dag.py:2379} INFO - Sync 1 DAGs
[2025-10-16 17:55:18,981] {logging_mixin.py:115} INFO - [2025-10-16 17:55:18,981] {dag.py:2931} INFO - Setting next_dagrun for example_dag_decorator to None, run_after=None
[2025-10-16 17:55:19,002] {processor.py:161} INFO - Processing /home/airflow/.local/lib/python3.7/site-packages/airflow/example_dags/example_dag_decorator.py took 0.450 seconds
[2025-10-16 17:55:49,194] {processor.py:153} INFO - Started process (PID=477) to work on /home/airflow/.local/lib/python3.7/site-packages/airflow/example_dags/example_dag_decorator.py
[2025-10-16 17:55:49,198] {processor.py:641} INFO - Processing file /home/airflow/.local/lib/python3.7/site-packages/airflow/example_dags/example_dag_decorator.py for tasks to queue
[2025-10-16 17:55:49,199] {logging_mixin.py:115} INFO - [2025-10-16 17:55:49,199] {dagbag.py:507} INFO - Filling up the DagBag from /home/airflow/.local/lib/python3.7/site-packages/airflow/example_dags/example_dag_decorator.py
[2025-10-16 17:55:49,221] {processor.py:651} INFO - DAG(s) dict_keys(['example_dag_decorator']) retrieved from /home/airflow/.local/lib/python3.7/site-packages/airflow/example_dags/example_dag_decorator.py
[2025-10-16 17:55:49,403] {logging_mixin.py:115} INFO - [2025-10-16 17:55:49,403] {dag.py:2379} INFO - Sync 1 DAGs
[2025-10-16 17:55:49,427] {logging_mixin.py:115} INFO - [2025-10-16 17:55:49,427] {dag.py:2931} INFO - Setting next_dagrun for example_dag_decorator to None, run_after=None
[2025-10-16 17:55:49,451] {processor.py:161} INFO - Processing /home/airflow/.local/lib/python3.7/site-packages/airflow/example_dags/example_dag_decorator.py took 0.260 seconds
[2025-10-16 17:56:20,025] {processor.py:153} INFO - Started process (PID=536) to work on /home/airflow/.local/lib/python3.7/site-packages/airflow/example_dags/example_dag_decorator.py
[2025-10-16 17:56:20,025] {processor.py:641} INFO - Processing file /home/airflow/.local/lib/python3.7/site-packages/airflow/example_dags/example_dag_decorator.py for tasks to queue
[2025-10-16 17:56:20,026] {logging_mixin.py:115} INFO - [2025-10-16 17:56:20,026] {dagbag.py:507} INFO - Filling up the DagBag from /home/airflow/.local/lib/python3.7/site-packages/airflow/example_dags/example_dag_decorator.py
[2025-10-16 17:56:20,046] {processor.py:651} INFO - DAG(s) dict_keys(['example_dag_decorator']) retrieved from /home/airflow/.local/lib/python3.7/site-packages/airflow/example_dags/example_dag_decorator.py
[2025-10-16 17:56:20,071] {logging_mixin.py:115} INFO - [2025-10-16 17:56:20,071] {dag.py:2379} INFO - Sync 1 DAGs
[2025-10-16 17:56:20,232] {logging_mixin.py:115} INFO - [2025-10-16 17:56:20,232] {dag.py:2931} INFO - Setting next_dagrun for example_dag_decorator to None, run_after=None
[2025-10-16 17:56:20,246] {processor.py:161} INFO - Processing /home/airflow/.local/lib/python3.7/site-packages/airflow/example_dags/example_dag_decorator.py took 0.225 seconds
[2025-10-16 17:56:50,633] {processor.py:153} INFO - Started process (PID=590) to work on /home/airflow/.local/lib/python3.7/site-packages/airflow/example_dags/example_dag_decorator.py
[2025-10-16 17:56:50,634] {processor.py:641} INFO - Processing file /home/airflow/.local/lib/python3.7/site-packages/airflow/example_dags/example_dag_decorator.py for tasks to queue
[2025-10-16 17:56:50,635] {logging_mixin.py:115} INFO - [2025-10-16 17:56:50,634] {dagbag.py:507} INFO - Filling up the DagBag from /home/airflow/.local/lib/python3.7/site-packages/airflow/example_dags/example_dag_decorator.py
[2025-10-16 17:56:50,658] {processor.py:651} INFO - DAG(s) dict_keys(['example_dag_decorator']) retrieved from /home/airflow/.local/lib/python3.7/site-packages/airflow/example_dags/example_dag_decorator.py
[2025-10-16 17:56:50,833] {logging_mixin.py:115} INFO - [2025-10-16 17:56:50,833] {dag.py:2379} INFO - Sync 1 DAGs
[2025-10-16 17:56:50,856] {logging_mixin.py:115} INFO - [2025-10-16 17:56:50,855] {dag.py:2931} INFO - Setting next_dagrun for example_dag_decorator to None, run_after=None
[2025-10-16 17:56:50,872] {processor.py:161} INFO - Processing /home/airflow/.local/lib/python3.7/site-packages/airflow/example_dags/example_dag_decorator.py took 0.242 seconds
[2025-10-16 17:57:21,008] {processor.py:153} INFO - Started process (PID=651) to work on /home/airflow/.local/lib/python3.7/site-packages/airflow/example_dags/example_dag_decorator.py
[2025-10-16 17:57:21,009] {processor.py:641} INFO - Processing file /home/airflow/.local/lib/python3.7/site-packages/airflow/example_dags/example_dag_decorator.py for tasks to queue
[2025-10-16 17:57:21,009] {logging_mixin.py:115} INFO - [2025-10-16 17:57:21,009] {dagbag.py:507} INFO - Filling up the DagBag from /home/airflow/.local/lib/python3.7/site-packages/airflow/example_dags/example_dag_decorator.py
[2025-10-16 17:57:21,026] {processor.py:651} INFO - DAG(s) dict_keys(['example_dag_decorator']) retrieved from /home/airflow/.local/lib/python3.7/site-packages/airflow/example_dags/example_dag_decorator.py
[2025-10-16 17:57:21,179] {logging_mixin.py:115} INFO - [2025-10-16 17:57:21,179] {dag.py:2379} INFO - Sync 1 DAGs
[2025-10-16 17:57:21,200] {logging_mixin.py:115} INFO - [2025-10-16 17:57:21,200] {dag.py:2931} INFO - Setting next_dagrun for example_dag_decorator to None, run_after=None
[2025-10-16 17:57:21,212] {processor.py:161} INFO - Processing /home/airflow/.local/lib/python3.7/site-packages/airflow/example_dags/example_dag_decorator.py took 0.206 seconds
[2025-10-16 17:57:51,347] {processor.py:153} INFO - Started process (PID=703) to work on /home/airflow/.local/lib/python3.7/site-packages/airflow/example_dags/example_dag_decorator.py
[2025-10-16 17:57:51,349] {processor.py:641} INFO - Processing file /home/airflow/.local/lib/python3.7/site-packages/airflow/example_dags/example_dag_decorator.py for tasks to queue
[2025-10-16 17:57:51,350] {logging_mixin.py:115} INFO - [2025-10-16 17:57:51,350] {dagbag.py:507} INFO - Filling up the DagBag from /home/airflow/.local/lib/python3.7/site-packages/airflow/example_dags/example_dag_decorator.py
[2025-10-16 17:57:51,371] {processor.py:651} INFO - DAG(s) dict_keys(['example_dag_decorator']) retrieved from /home/airflow/.local/lib/python3.7/site-packages/airflow/example_dags/example_dag_decorator.py
[2025-10-16 17:57:51,550] {logging_mixin.py:115} INFO - [2025-10-16 17:57:51,549] {dag.py:2379} INFO - Sync 1 DAGs
[2025-10-16 17:57:51,574] {logging_mixin.py:115} INFO - [2025-10-16 17:57:51,574] {dag.py:2931} INFO - Setting next_dagrun for example_dag_decorator to None, run_after=None
[2025-10-16 17:57:51,590] {processor.py:161} INFO - Processing /home/airflow/.local/lib/python3.7/site-packages/airflow/example_dags/example_dag_decorator.py took 0.246 seconds
[2025-10-16 17:58:21,727] {processor.py:153} INFO - Started process (PID=764) to work on /home/airflow/.local/lib/python3.7/site-packages/airflow/example_dags/example_dag_decorator.py
[2025-10-16 17:58:21,727] {processor.py:641} INFO - Processing file /home/airflow/.local/lib/python3.7/site-packages/airflow/example_dags/example_dag_decorator.py for tasks to queue
[2025-10-16 17:58:21,728] {logging_mixin.py:115} INFO - [2025-10-16 17:58:21,728] {dagbag.py:507} INFO - Filling up the DagBag from /home/airflow/.local/lib/python3.7/site-packages/airflow/example_dags/example_dag_decorator.py
[2025-10-16 17:58:21,751] {processor.py:651} INFO - DAG(s) dict_keys(['example_dag_decorator']) retrieved from /home/airflow/.local/lib/python3.7/site-packages/airflow/example_dags/example_dag_decorator.py
[2025-10-16 17:58:21,776] {logging_mixin.py:115} INFO - [2025-10-16 17:58:21,775] {dag.py:2379} INFO - Sync 1 DAGs
[2025-10-16 17:58:21,942] {logging_mixin.py:115} INFO - [2025-10-16 17:58:21,941] {dag.py:2931} INFO - Setting next_dagrun for example_dag_decorator to None, run_after=None
[2025-10-16 17:58:21,955] {processor.py:161} INFO - Processing /home/airflow/.local/lib/python3.7/site-packages/airflow/example_dags/example_dag_decorator.py took 0.232 seconds
[2025-10-16 17:58:52,922] {processor.py:153} INFO - Started process (PID=825) to work on /home/airflow/.local/lib/python3.7/site-packages/airflow/example_dags/example_dag_decorator.py
[2025-10-16 17:58:52,922] {processor.py:641} INFO - Processing file /home/airflow/.local/lib/python3.7/site-packages/airflow/example_dags/example_dag_decorator.py for tasks to queue
[2025-10-16 17:58:52,923] {logging_mixin.py:115} INFO - [2025-10-16 17:58:52,923] {dagbag.py:507} INFO - Filling up the DagBag from /home/airflow/.local/lib/python3.7/site-packages/airflow/example_dags/example_dag_decorator.py
[2025-10-16 17:58:52,939] {processor.py:651} INFO - DAG(s) dict_keys(['example_dag_decorator']) retrieved from /home/airflow/.local/lib/python3.7/site-packages/airflow/example_dags/example_dag_decorator.py
[2025-10-16 17:58:52,959] {logging_mixin.py:115} INFO - [2025-10-16 17:58:52,959] {dag.py:2379} INFO - Sync 1 DAGs
[2025-10-16 17:58:53,078] {logging_mixin.py:115} INFO - [2025-10-16 17:58:53,078] {dag.py:2931} INFO - Setting next_dagrun for example_dag_decorator to None, run_after=None
[2025-10-16 17:58:53,088] {processor.py:161} INFO - Processing /home/airflow/.local/lib/python3.7/site-packages/airflow/example_dags/example_dag_decorator.py took 0.169 seconds
[2025-10-16 17:59:23,270] {processor.py:153} INFO - Started process (PID=886) to work on /home/airflow/.local/lib/python3.7/site-packages/airflow/example_dags/example_dag_decorator.py
[2025-10-16 17:59:23,270] {processor.py:641} INFO - Processing file /home/airflow/.local/lib/python3.7/site-packages/airflow/example_dags/example_dag_decorator.py for tasks to queue
[2025-10-16 17:59:23,271] {logging_mixin.py:115} INFO - [2025-10-16 17:59:23,271] {dagbag.py:507} INFO - Filling up the DagBag from /home/airflow/.local/lib/python3.7/site-packages/airflow/example_dags/example_dag_decorator.py
[2025-10-16 17:59:23,288] {processor.py:651} INFO - DAG(s) dict_keys(['example_dag_decorator']) retrieved from /home/airflow/.local/lib/python3.7/site-packages/airflow/example_dags/example_dag_decorator.py
[2025-10-16 17:59:23,456] {logging_mixin.py:115} INFO - [2025-10-16 17:59:23,456] {dag.py:2379} INFO - Sync 1 DAGs
[2025-10-16 17:59:23,474] {logging_mixin.py:115} INFO - [2025-10-16 17:59:23,474] {dag.py:2931} INFO - Setting next_dagrun for example_dag_decorator to None, run_after=None
[2025-10-16 17:59:23,485] {processor.py:161} INFO - Processing /home/airflow/.local/lib/python3.7/site-packages/airflow/example_dags/example_dag_decorator.py took 0.218 seconds
[2025-10-16 17:59:53,651] {processor.py:153} INFO - Started process (PID=939) to work on /home/airflow/.local/lib/python3.7/site-packages/airflow/example_dags/example_dag_decorator.py
[2025-10-16 17:59:53,652] {processor.py:641} INFO - Processing file /home/airflow/.local/lib/python3.7/site-packages/airflow/example_dags/example_dag_decorator.py for tasks to queue
[2025-10-16 17:59:53,652] {logging_mixin.py:115} INFO - [2025-10-16 17:59:53,652] {dagbag.py:507} INFO - Filling up the DagBag from /home/airflow/.local/lib/python3.7/site-packages/airflow/example_dags/example_dag_decorator.py
[2025-10-16 17:59:53,669] {processor.py:651} INFO - DAG(s) dict_keys(['example_dag_decorator']) retrieved from /home/airflow/.local/lib/python3.7/site-packages/airflow/example_dags/example_dag_decorator.py
[2025-10-16 17:59:53,811] {logging_mixin.py:115} INFO - [2025-10-16 17:59:53,811] {dag.py:2379} INFO - Sync 1 DAGs
[2025-10-16 17:59:53,826] {logging_mixin.py:115} INFO - [2025-10-16 17:59:53,826] {dag.py:2931} INFO - Setting next_dagrun for example_dag_decorator to None, run_after=None
[2025-10-16 17:59:53,836] {processor.py:161} INFO - Processing /home/airflow/.local/lib/python3.7/site-packages/airflow/example_dags/example_dag_decorator.py took 0.188 seconds
[2025-10-16 18:27:16,018] {processor.py:153} INFO - Started process (PID=68) to work on /home/airflow/.local/lib/python3.7/site-packages/airflow/example_dags/example_dag_decorator.py
[2025-10-16 18:27:16,020] {processor.py:641} INFO - Processing file /home/airflow/.local/lib/python3.7/site-packages/airflow/example_dags/example_dag_decorator.py for tasks to queue
[2025-10-16 18:27:16,021] {logging_mixin.py:115} INFO - [2025-10-16 18:27:16,021] {dagbag.py:507} INFO - Filling up the DagBag from /home/airflow/.local/lib/python3.7/site-packages/airflow/example_dags/example_dag_decorator.py
[2025-10-16 18:27:16,070] {processor.py:651} INFO - DAG(s) dict_keys(['example_dag_decorator']) retrieved from /home/airflow/.local/lib/python3.7/site-packages/airflow/example_dags/example_dag_decorator.py
[2025-10-16 18:27:16,194] {logging_mixin.py:115} INFO - [2025-10-16 18:27:16,193] {dag.py:2379} INFO - Sync 1 DAGs
[2025-10-16 18:27:16,426] {logging_mixin.py:115} INFO - [2025-10-16 18:27:16,426] {dag.py:2931} INFO - Setting next_dagrun for example_dag_decorator to None, run_after=None
[2025-10-16 18:27:16,478] {processor.py:161} INFO - Processing /home/airflow/.local/lib/python3.7/site-packages/airflow/example_dags/example_dag_decorator.py took 0.463 seconds
[2025-10-16 18:27:46,869] {processor.py:153} INFO - Started process (PID=120) to work on /home/airflow/.local/lib/python3.7/site-packages/airflow/example_dags/example_dag_decorator.py
[2025-10-16 18:27:46,870] {processor.py:641} INFO - Processing file /home/airflow/.local/lib/python3.7/site-packages/airflow/example_dags/example_dag_decorator.py for tasks to queue
[2025-10-16 18:27:46,870] {logging_mixin.py:115} INFO - [2025-10-16 18:27:46,870] {dagbag.py:507} INFO - Filling up the DagBag from /home/airflow/.local/lib/python3.7/site-packages/airflow/example_dags/example_dag_decorator.py
[2025-10-16 18:27:46,900] {processor.py:651} INFO - DAG(s) dict_keys(['example_dag_decorator']) retrieved from /home/airflow/.local/lib/python3.7/site-packages/airflow/example_dags/example_dag_decorator.py
[2025-10-16 18:27:46,973] {logging_mixin.py:115} INFO - [2025-10-16 18:27:46,973] {dag.py:2379} INFO - Sync 1 DAGs
[2025-10-16 18:27:47,135] {logging_mixin.py:115} INFO - [2025-10-16 18:27:47,135] {dag.py:2931} INFO - Setting next_dagrun for example_dag_decorator to None, run_after=None
[2025-10-16 18:27:47,152] {processor.py:161} INFO - Processing /home/airflow/.local/lib/python3.7/site-packages/airflow/example_dags/example_dag_decorator.py took 0.287 seconds
[2025-10-16 18:28:17,514] {processor.py:153} INFO - Started process (PID=182) to work on /home/airflow/.local/lib/python3.7/site-packages/airflow/example_dags/example_dag_decorator.py
[2025-10-16 18:28:17,515] {processor.py:641} INFO - Processing file /home/airflow/.local/lib/python3.7/site-packages/airflow/example_dags/example_dag_decorator.py for tasks to queue
[2025-10-16 18:28:17,516] {logging_mixin.py:115} INFO - [2025-10-16 18:28:17,516] {dagbag.py:507} INFO - Filling up the DagBag from /home/airflow/.local/lib/python3.7/site-packages/airflow/example_dags/example_dag_decorator.py
[2025-10-16 18:28:17,540] {processor.py:651} INFO - DAG(s) dict_keys(['example_dag_decorator']) retrieved from /home/airflow/.local/lib/python3.7/site-packages/airflow/example_dags/example_dag_decorator.py
[2025-10-16 18:28:17,609] {logging_mixin.py:115} INFO - [2025-10-16 18:28:17,609] {dag.py:2379} INFO - Sync 1 DAGs
[2025-10-16 18:28:17,737] {logging_mixin.py:115} INFO - [2025-10-16 18:28:17,737] {dag.py:2931} INFO - Setting next_dagrun for example_dag_decorator to None, run_after=None
[2025-10-16 18:28:17,749] {processor.py:161} INFO - Processing /home/airflow/.local/lib/python3.7/site-packages/airflow/example_dags/example_dag_decorator.py took 0.239 seconds
[2025-10-16 18:28:47,776] {processor.py:153} INFO - Started process (PID=235) to work on /home/airflow/.local/lib/python3.7/site-packages/airflow/example_dags/example_dag_decorator.py
[2025-10-16 18:28:47,777] {processor.py:641} INFO - Processing file /home/airflow/.local/lib/python3.7/site-packages/airflow/example_dags/example_dag_decorator.py for tasks to queue
[2025-10-16 18:28:47,777] {logging_mixin.py:115} INFO - [2025-10-16 18:28:47,777] {dagbag.py:507} INFO - Filling up the DagBag from /home/airflow/.local/lib/python3.7/site-packages/airflow/example_dags/example_dag_decorator.py
[2025-10-16 18:28:47,805] {processor.py:651} INFO - DAG(s) dict_keys(['example_dag_decorator']) retrieved from /home/airflow/.local/lib/python3.7/site-packages/airflow/example_dags/example_dag_decorator.py
[2025-10-16 18:28:47,866] {logging_mixin.py:115} INFO - [2025-10-16 18:28:47,866] {dag.py:2379} INFO - Sync 1 DAGs
[2025-10-16 18:28:48,003] {logging_mixin.py:115} INFO - [2025-10-16 18:28:48,003] {dag.py:2931} INFO - Setting next_dagrun for example_dag_decorator to None, run_after=None
[2025-10-16 18:28:48,018] {processor.py:161} INFO - Processing /home/airflow/.local/lib/python3.7/site-packages/airflow/example_dags/example_dag_decorator.py took 0.244 seconds
[2025-10-16 18:29:18,125] {processor.py:153} INFO - Started process (PID=298) to work on /home/airflow/.local/lib/python3.7/site-packages/airflow/example_dags/example_dag_decorator.py
[2025-10-16 18:29:18,126] {processor.py:641} INFO - Processing file /home/airflow/.local/lib/python3.7/site-packages/airflow/example_dags/example_dag_decorator.py for tasks to queue
[2025-10-16 18:29:18,129] {logging_mixin.py:115} INFO - [2025-10-16 18:29:18,129] {dagbag.py:507} INFO - Filling up the DagBag from /home/airflow/.local/lib/python3.7/site-packages/airflow/example_dags/example_dag_decorator.py
[2025-10-16 18:29:18,150] {processor.py:651} INFO - DAG(s) dict_keys(['example_dag_decorator']) retrieved from /home/airflow/.local/lib/python3.7/site-packages/airflow/example_dags/example_dag_decorator.py
[2025-10-16 18:29:18,207] {logging_mixin.py:115} INFO - [2025-10-16 18:29:18,207] {dag.py:2379} INFO - Sync 1 DAGs
[2025-10-16 18:29:18,342] {logging_mixin.py:115} INFO - [2025-10-16 18:29:18,342] {dag.py:2931} INFO - Setting next_dagrun for example_dag_decorator to None, run_after=None
[2025-10-16 18:29:18,354] {processor.py:161} INFO - Processing /home/airflow/.local/lib/python3.7/site-packages/airflow/example_dags/example_dag_decorator.py took 0.233 seconds
[2025-10-16 18:29:48,692] {processor.py:153} INFO - Started process (PID=361) to work on /home/airflow/.local/lib/python3.7/site-packages/airflow/example_dags/example_dag_decorator.py
[2025-10-16 18:29:48,693] {processor.py:641} INFO - Processing file /home/airflow/.local/lib/python3.7/site-packages/airflow/example_dags/example_dag_decorator.py for tasks to queue
[2025-10-16 18:29:48,697] {logging_mixin.py:115} INFO - [2025-10-16 18:29:48,697] {dagbag.py:507} INFO - Filling up the DagBag from /home/airflow/.local/lib/python3.7/site-packages/airflow/example_dags/example_dag_decorator.py
[2025-10-16 18:29:48,722] {processor.py:651} INFO - DAG(s) dict_keys(['example_dag_decorator']) retrieved from /home/airflow/.local/lib/python3.7/site-packages/airflow/example_dags/example_dag_decorator.py
[2025-10-16 18:29:48,789] {logging_mixin.py:115} INFO - [2025-10-16 18:29:48,789] {dag.py:2379} INFO - Sync 1 DAGs
[2025-10-16 18:29:48,929] {logging_mixin.py:115} INFO - [2025-10-16 18:29:48,929] {dag.py:2931} INFO - Setting next_dagrun for example_dag_decorator to None, run_after=None
[2025-10-16 18:29:48,945] {processor.py:161} INFO - Processing /home/airflow/.local/lib/python3.7/site-packages/airflow/example_dags/example_dag_decorator.py took 0.256 seconds
[2025-10-16 18:30:19,402] {processor.py:153} INFO - Started process (PID=407) to work on /home/airflow/.local/lib/python3.7/site-packages/airflow/example_dags/example_dag_decorator.py
[2025-10-16 18:30:19,403] {processor.py:641} INFO - Processing file /home/airflow/.local/lib/python3.7/site-packages/airflow/example_dags/example_dag_decorator.py for tasks to queue
[2025-10-16 18:30:19,404] {logging_mixin.py:115} INFO - [2025-10-16 18:30:19,404] {dagbag.py:507} INFO - Filling up the DagBag from /home/airflow/.local/lib/python3.7/site-packages/airflow/example_dags/example_dag_decorator.py
[2025-10-16 18:30:19,429] {processor.py:651} INFO - DAG(s) dict_keys(['example_dag_decorator']) retrieved from /home/airflow/.local/lib/python3.7/site-packages/airflow/example_dags/example_dag_decorator.py
[2025-10-16 18:30:19,492] {logging_mixin.py:115} INFO - [2025-10-16 18:30:19,491] {dag.py:2379} INFO - Sync 1 DAGs
[2025-10-16 18:30:19,640] {logging_mixin.py:115} INFO - [2025-10-16 18:30:19,640] {dag.py:2931} INFO - Setting next_dagrun for example_dag_decorator to None, run_after=None
[2025-10-16 18:30:19,653] {processor.py:161} INFO - Processing /home/airflow/.local/lib/python3.7/site-packages/airflow/example_dags/example_dag_decorator.py took 0.253 seconds
[2025-10-16 18:30:50,446] {processor.py:153} INFO - Started process (PID=468) to work on /home/airflow/.local/lib/python3.7/site-packages/airflow/example_dags/example_dag_decorator.py
[2025-10-16 18:30:50,449] {processor.py:641} INFO - Processing file /home/airflow/.local/lib/python3.7/site-packages/airflow/example_dags/example_dag_decorator.py for tasks to queue
[2025-10-16 18:30:50,450] {logging_mixin.py:115} INFO - [2025-10-16 18:30:50,450] {dagbag.py:507} INFO - Filling up the DagBag from /home/airflow/.local/lib/python3.7/site-packages/airflow/example_dags/example_dag_decorator.py
[2025-10-16 18:30:50,467] {processor.py:651} INFO - DAG(s) dict_keys(['example_dag_decorator']) retrieved from /home/airflow/.local/lib/python3.7/site-packages/airflow/example_dags/example_dag_decorator.py
[2025-10-16 18:30:50,514] {logging_mixin.py:115} INFO - [2025-10-16 18:30:50,514] {dag.py:2379} INFO - Sync 1 DAGs
[2025-10-16 18:30:50,625] {logging_mixin.py:115} INFO - [2025-10-16 18:30:50,625] {dag.py:2931} INFO - Setting next_dagrun for example_dag_decorator to None, run_after=None
[2025-10-16 18:30:50,638] {processor.py:161} INFO - Processing /home/airflow/.local/lib/python3.7/site-packages/airflow/example_dags/example_dag_decorator.py took 0.194 seconds
[2025-10-16 18:31:54,696] {processor.py:153} INFO - Started process (PID=68) to work on /home/airflow/.local/lib/python3.7/site-packages/airflow/example_dags/example_dag_decorator.py
[2025-10-16 18:31:54,696] {processor.py:641} INFO - Processing file /home/airflow/.local/lib/python3.7/site-packages/airflow/example_dags/example_dag_decorator.py for tasks to queue
[2025-10-16 18:31:54,697] {logging_mixin.py:115} INFO - [2025-10-16 18:31:54,697] {dagbag.py:507} INFO - Filling up the DagBag from /home/airflow/.local/lib/python3.7/site-packages/airflow/example_dags/example_dag_decorator.py
[2025-10-16 18:31:54,725] {processor.py:651} INFO - DAG(s) dict_keys(['example_dag_decorator']) retrieved from /home/airflow/.local/lib/python3.7/site-packages/airflow/example_dags/example_dag_decorator.py
[2025-10-16 18:31:54,963] {logging_mixin.py:115} INFO - [2025-10-16 18:31:54,963] {manager.py:508} INFO - Created Permission View: can delete on DAG:example_dag_decorator
[2025-10-16 18:31:54,978] {logging_mixin.py:115} INFO - [2025-10-16 18:31:54,978] {manager.py:508} INFO - Created Permission View: can edit on DAG:example_dag_decorator
[2025-10-16 18:31:54,995] {logging_mixin.py:115} INFO - [2025-10-16 18:31:54,995] {manager.py:508} INFO - Created Permission View: can read on DAG:example_dag_decorator
[2025-10-16 18:31:54,995] {logging_mixin.py:115} INFO - [2025-10-16 18:31:54,995] {dag.py:2379} INFO - Sync 1 DAGs
[2025-10-16 18:31:55,005] {logging_mixin.py:115} INFO - [2025-10-16 18:31:55,005] {dag.py:2398} INFO - Creating ORM DAG for example_dag_decorator
[2025-10-16 18:31:55,018] {logging_mixin.py:115} INFO - [2025-10-16 18:31:55,018] {dag.py:2931} INFO - Setting next_dagrun for example_dag_decorator to None, run_after=None
[2025-10-16 18:31:55,038] {processor.py:161} INFO - Processing /home/airflow/.local/lib/python3.7/site-packages/airflow/example_dags/example_dag_decorator.py took 0.347 seconds
[2025-10-16 18:32:25,209] {processor.py:153} INFO - Started process (PID=129) to work on /home/airflow/.local/lib/python3.7/site-packages/airflow/example_dags/example_dag_decorator.py
[2025-10-16 18:32:25,209] {processor.py:641} INFO - Processing file /home/airflow/.local/lib/python3.7/site-packages/airflow/example_dags/example_dag_decorator.py for tasks to queue
[2025-10-16 18:32:25,210] {logging_mixin.py:115} INFO - [2025-10-16 18:32:25,210] {dagbag.py:507} INFO - Filling up the DagBag from /home/airflow/.local/lib/python3.7/site-packages/airflow/example_dags/example_dag_decorator.py
[2025-10-16 18:32:25,236] {processor.py:651} INFO - DAG(s) dict_keys(['example_dag_decorator']) retrieved from /home/airflow/.local/lib/python3.7/site-packages/airflow/example_dags/example_dag_decorator.py
[2025-10-16 18:32:25,447] {logging_mixin.py:115} INFO - [2025-10-16 18:32:25,447] {dag.py:2379} INFO - Sync 1 DAGs
[2025-10-16 18:32:25,471] {logging_mixin.py:115} INFO - [2025-10-16 18:32:25,470] {dag.py:2931} INFO - Setting next_dagrun for example_dag_decorator to None, run_after=None
[2025-10-16 18:32:25,494] {processor.py:161} INFO - Processing /home/airflow/.local/lib/python3.7/site-packages/airflow/example_dags/example_dag_decorator.py took 0.289 seconds
[2025-10-16 18:32:55,910] {processor.py:153} INFO - Started process (PID=181) to work on /home/airflow/.local/lib/python3.7/site-packages/airflow/example_dags/example_dag_decorator.py
[2025-10-16 18:32:55,911] {processor.py:641} INFO - Processing file /home/airflow/.local/lib/python3.7/site-packages/airflow/example_dags/example_dag_decorator.py for tasks to queue
[2025-10-16 18:32:55,911] {logging_mixin.py:115} INFO - [2025-10-16 18:32:55,911] {dagbag.py:507} INFO - Filling up the DagBag from /home/airflow/.local/lib/python3.7/site-packages/airflow/example_dags/example_dag_decorator.py
[2025-10-16 18:32:55,928] {processor.py:651} INFO - DAG(s) dict_keys(['example_dag_decorator']) retrieved from /home/airflow/.local/lib/python3.7/site-packages/airflow/example_dags/example_dag_decorator.py
[2025-10-16 18:32:56,076] {logging_mixin.py:115} INFO - [2025-10-16 18:32:56,076] {dag.py:2379} INFO - Sync 1 DAGs
[2025-10-16 18:32:56,090] {logging_mixin.py:115} INFO - [2025-10-16 18:32:56,090] {dag.py:2931} INFO - Setting next_dagrun for example_dag_decorator to None, run_after=None
[2025-10-16 18:32:56,099] {processor.py:161} INFO - Processing /home/airflow/.local/lib/python3.7/site-packages/airflow/example_dags/example_dag_decorator.py took 0.191 seconds
[2025-10-16 18:33:26,703] {processor.py:153} INFO - Started process (PID=242) to work on /home/airflow/.local/lib/python3.7/site-packages/airflow/example_dags/example_dag_decorator.py
[2025-10-16 18:33:26,703] {processor.py:641} INFO - Processing file /home/airflow/.local/lib/python3.7/site-packages/airflow/example_dags/example_dag_decorator.py for tasks to queue
[2025-10-16 18:33:26,704] {logging_mixin.py:115} INFO - [2025-10-16 18:33:26,704] {dagbag.py:507} INFO - Filling up the DagBag from /home/airflow/.local/lib/python3.7/site-packages/airflow/example_dags/example_dag_decorator.py
[2025-10-16 18:33:26,730] {processor.py:651} INFO - DAG(s) dict_keys(['example_dag_decorator']) retrieved from /home/airflow/.local/lib/python3.7/site-packages/airflow/example_dags/example_dag_decorator.py
[2025-10-16 18:33:26,941] {logging_mixin.py:115} INFO - [2025-10-16 18:33:26,940] {dag.py:2379} INFO - Sync 1 DAGs
[2025-10-16 18:33:26,969] {logging_mixin.py:115} INFO - [2025-10-16 18:33:26,969] {dag.py:2931} INFO - Setting next_dagrun for example_dag_decorator to None, run_after=None
[2025-10-16 18:33:26,987] {processor.py:161} INFO - Processing /home/airflow/.local/lib/python3.7/site-packages/airflow/example_dags/example_dag_decorator.py took 0.288 seconds
[2025-10-16 18:33:57,878] {processor.py:153} INFO - Started process (PID=303) to work on /home/airflow/.local/lib/python3.7/site-packages/airflow/example_dags/example_dag_decorator.py
[2025-10-16 18:33:57,878] {processor.py:641} INFO - Processing file /home/airflow/.local/lib/python3.7/site-packages/airflow/example_dags/example_dag_decorator.py for tasks to queue
[2025-10-16 18:33:57,879] {logging_mixin.py:115} INFO - [2025-10-16 18:33:57,879] {dagbag.py:507} INFO - Filling up the DagBag from /home/airflow/.local/lib/python3.7/site-packages/airflow/example_dags/example_dag_decorator.py
[2025-10-16 18:33:57,897] {processor.py:651} INFO - DAG(s) dict_keys(['example_dag_decorator']) retrieved from /home/airflow/.local/lib/python3.7/site-packages/airflow/example_dags/example_dag_decorator.py
[2025-10-16 18:33:58,077] {logging_mixin.py:115} INFO - [2025-10-16 18:33:58,077] {dag.py:2379} INFO - Sync 1 DAGs
[2025-10-16 18:33:58,099] {logging_mixin.py:115} INFO - [2025-10-16 18:33:58,098] {dag.py:2931} INFO - Setting next_dagrun for example_dag_decorator to None, run_after=None
[2025-10-16 18:33:58,112] {processor.py:161} INFO - Processing /home/airflow/.local/lib/python3.7/site-packages/airflow/example_dags/example_dag_decorator.py took 0.238 seconds
[2025-10-16 18:34:28,839] {processor.py:153} INFO - Started process (PID=355) to work on /home/airflow/.local/lib/python3.7/site-packages/airflow/example_dags/example_dag_decorator.py
[2025-10-16 18:34:28,839] {processor.py:641} INFO - Processing file /home/airflow/.local/lib/python3.7/site-packages/airflow/example_dags/example_dag_decorator.py for tasks to queue
[2025-10-16 18:34:28,840] {logging_mixin.py:115} INFO - [2025-10-16 18:34:28,840] {dagbag.py:507} INFO - Filling up the DagBag from /home/airflow/.local/lib/python3.7/site-packages/airflow/example_dags/example_dag_decorator.py
[2025-10-16 18:34:28,866] {processor.py:651} INFO - DAG(s) dict_keys(['example_dag_decorator']) retrieved from /home/airflow/.local/lib/python3.7/site-packages/airflow/example_dags/example_dag_decorator.py
[2025-10-16 18:34:29,103] {logging_mixin.py:115} INFO - [2025-10-16 18:34:29,102] {dag.py:2379} INFO - Sync 1 DAGs
[2025-10-16 18:34:29,127] {logging_mixin.py:115} INFO - [2025-10-16 18:34:29,127] {dag.py:2931} INFO - Setting next_dagrun for example_dag_decorator to None, run_after=None
[2025-10-16 18:34:29,148] {processor.py:161} INFO - Processing /home/airflow/.local/lib/python3.7/site-packages/airflow/example_dags/example_dag_decorator.py took 0.315 seconds
[2025-10-16 18:34:59,246] {processor.py:153} INFO - Started process (PID=416) to work on /home/airflow/.local/lib/python3.7/site-packages/airflow/example_dags/example_dag_decorator.py
[2025-10-16 18:34:59,247] {processor.py:641} INFO - Processing file /home/airflow/.local/lib/python3.7/site-packages/airflow/example_dags/example_dag_decorator.py for tasks to queue
[2025-10-16 18:34:59,247] {logging_mixin.py:115} INFO - [2025-10-16 18:34:59,247] {dagbag.py:507} INFO - Filling up the DagBag from /home/airflow/.local/lib/python3.7/site-packages/airflow/example_dags/example_dag_decorator.py
[2025-10-16 18:34:59,265] {processor.py:651} INFO - DAG(s) dict_keys(['example_dag_decorator']) retrieved from /home/airflow/.local/lib/python3.7/site-packages/airflow/example_dags/example_dag_decorator.py
[2025-10-16 18:34:59,288] {logging_mixin.py:115} INFO - [2025-10-16 18:34:59,288] {dag.py:2379} INFO - Sync 1 DAGs
[2025-10-16 18:34:59,420] {logging_mixin.py:115} INFO - [2025-10-16 18:34:59,420] {dag.py:2931} INFO - Setting next_dagrun for example_dag_decorator to None, run_after=None
[2025-10-16 18:34:59,431] {processor.py:161} INFO - Processing /home/airflow/.local/lib/python3.7/site-packages/airflow/example_dags/example_dag_decorator.py took 0.188 seconds
[2025-10-16 18:35:30,204] {processor.py:153} INFO - Started process (PID=477) to work on /home/airflow/.local/lib/python3.7/site-packages/airflow/example_dags/example_dag_decorator.py
[2025-10-16 18:35:30,204] {processor.py:641} INFO - Processing file /home/airflow/.local/lib/python3.7/site-packages/airflow/example_dags/example_dag_decorator.py for tasks to queue
[2025-10-16 18:35:30,205] {logging_mixin.py:115} INFO - [2025-10-16 18:35:30,205] {dagbag.py:507} INFO - Filling up the DagBag from /home/airflow/.local/lib/python3.7/site-packages/airflow/example_dags/example_dag_decorator.py
[2025-10-16 18:35:30,233] {processor.py:651} INFO - DAG(s) dict_keys(['example_dag_decorator']) retrieved from /home/airflow/.local/lib/python3.7/site-packages/airflow/example_dags/example_dag_decorator.py
[2025-10-16 18:35:30,444] {logging_mixin.py:115} INFO - [2025-10-16 18:35:30,443] {dag.py:2379} INFO - Sync 1 DAGs
[2025-10-16 18:35:30,467] {logging_mixin.py:115} INFO - [2025-10-16 18:35:30,467] {dag.py:2931} INFO - Setting next_dagrun for example_dag_decorator to None, run_after=None
[2025-10-16 18:35:30,482] {processor.py:161} INFO - Processing /home/airflow/.local/lib/python3.7/site-packages/airflow/example_dags/example_dag_decorator.py took 0.282 seconds
[2025-10-16 18:36:00,635] {processor.py:153} INFO - Started process (PID=529) to work on /home/airflow/.local/lib/python3.7/site-packages/airflow/example_dags/example_dag_decorator.py
[2025-10-16 18:36:00,635] {processor.py:641} INFO - Processing file /home/airflow/.local/lib/python3.7/site-packages/airflow/example_dags/example_dag_decorator.py for tasks to queue
[2025-10-16 18:36:00,636] {logging_mixin.py:115} INFO - [2025-10-16 18:36:00,636] {dagbag.py:507} INFO - Filling up the DagBag from /home/airflow/.local/lib/python3.7/site-packages/airflow/example_dags/example_dag_decorator.py
[2025-10-16 18:36:00,662] {processor.py:651} INFO - DAG(s) dict_keys(['example_dag_decorator']) retrieved from /home/airflow/.local/lib/python3.7/site-packages/airflow/example_dags/example_dag_decorator.py
[2025-10-16 18:36:00,918] {logging_mixin.py:115} INFO - [2025-10-16 18:36:00,918] {dag.py:2379} INFO - Sync 1 DAGs
[2025-10-16 18:36:00,943] {logging_mixin.py:115} INFO - [2025-10-16 18:36:00,943] {dag.py:2931} INFO - Setting next_dagrun for example_dag_decorator to None, run_after=None
[2025-10-16 18:36:00,963] {processor.py:161} INFO - Processing /home/airflow/.local/lib/python3.7/site-packages/airflow/example_dags/example_dag_decorator.py took 0.332 seconds
[2025-10-16 18:36:31,071] {processor.py:153} INFO - Started process (PID=590) to work on /home/airflow/.local/lib/python3.7/site-packages/airflow/example_dags/example_dag_decorator.py
[2025-10-16 18:36:31,071] {processor.py:641} INFO - Processing file /home/airflow/.local/lib/python3.7/site-packages/airflow/example_dags/example_dag_decorator.py for tasks to queue
[2025-10-16 18:36:31,072] {logging_mixin.py:115} INFO - [2025-10-16 18:36:31,072] {dagbag.py:507} INFO - Filling up the DagBag from /home/airflow/.local/lib/python3.7/site-packages/airflow/example_dags/example_dag_decorator.py
[2025-10-16 18:36:31,092] {processor.py:651} INFO - DAG(s) dict_keys(['example_dag_decorator']) retrieved from /home/airflow/.local/lib/python3.7/site-packages/airflow/example_dags/example_dag_decorator.py
[2025-10-16 18:36:31,283] {logging_mixin.py:115} INFO - [2025-10-16 18:36:31,283] {dag.py:2379} INFO - Sync 1 DAGs
[2025-10-16 18:36:31,306] {logging_mixin.py:115} INFO - [2025-10-16 18:36:31,306] {dag.py:2931} INFO - Setting next_dagrun for example_dag_decorator to None, run_after=None
[2025-10-16 18:36:31,323] {processor.py:161} INFO - Processing /home/airflow/.local/lib/python3.7/site-packages/airflow/example_dags/example_dag_decorator.py took 0.255 seconds
[2025-10-16 18:37:01,484] {processor.py:153} INFO - Started process (PID=651) to work on /home/airflow/.local/lib/python3.7/site-packages/airflow/example_dags/example_dag_decorator.py
[2025-10-16 18:37:01,484] {processor.py:641} INFO - Processing file /home/airflow/.local/lib/python3.7/site-packages/airflow/example_dags/example_dag_decorator.py for tasks to queue
[2025-10-16 18:37:01,485] {logging_mixin.py:115} INFO - [2025-10-16 18:37:01,485] {dagbag.py:507} INFO - Filling up the DagBag from /home/airflow/.local/lib/python3.7/site-packages/airflow/example_dags/example_dag_decorator.py
[2025-10-16 18:37:01,516] {processor.py:651} INFO - DAG(s) dict_keys(['example_dag_decorator']) retrieved from /home/airflow/.local/lib/python3.7/site-packages/airflow/example_dags/example_dag_decorator.py
[2025-10-16 18:37:01,846] {logging_mixin.py:115} INFO - [2025-10-16 18:37:01,846] {dag.py:2379} INFO - Sync 1 DAGs
[2025-10-16 18:37:01,878] {logging_mixin.py:115} INFO - [2025-10-16 18:37:01,877] {dag.py:2931} INFO - Setting next_dagrun for example_dag_decorator to None, run_after=None
[2025-10-16 18:37:01,912] {processor.py:161} INFO - Processing /home/airflow/.local/lib/python3.7/site-packages/airflow/example_dags/example_dag_decorator.py took 0.432 seconds
[2025-10-16 18:37:32,626] {processor.py:153} INFO - Started process (PID=703) to work on /home/airflow/.local/lib/python3.7/site-packages/airflow/example_dags/example_dag_decorator.py
[2025-10-16 18:37:32,628] {processor.py:641} INFO - Processing file /home/airflow/.local/lib/python3.7/site-packages/airflow/example_dags/example_dag_decorator.py for tasks to queue
[2025-10-16 18:37:32,629] {logging_mixin.py:115} INFO - [2025-10-16 18:37:32,629] {dagbag.py:507} INFO - Filling up the DagBag from /home/airflow/.local/lib/python3.7/site-packages/airflow/example_dags/example_dag_decorator.py
[2025-10-16 18:37:32,673] {processor.py:651} INFO - DAG(s) dict_keys(['example_dag_decorator']) retrieved from /home/airflow/.local/lib/python3.7/site-packages/airflow/example_dags/example_dag_decorator.py
[2025-10-16 18:37:33,089] {logging_mixin.py:115} INFO - [2025-10-16 18:37:33,089] {dag.py:2379} INFO - Sync 1 DAGs
[2025-10-16 18:37:33,113] {logging_mixin.py:115} INFO - [2025-10-16 18:37:33,113] {dag.py:2931} INFO - Setting next_dagrun for example_dag_decorator to None, run_after=None
[2025-10-16 18:37:33,130] {processor.py:161} INFO - Processing /home/airflow/.local/lib/python3.7/site-packages/airflow/example_dags/example_dag_decorator.py took 0.512 seconds
[2025-10-16 18:41:48,093] {processor.py:153} INFO - Started process (PID=755) to work on /home/airflow/.local/lib/python3.7/site-packages/airflow/example_dags/example_dag_decorator.py
[2025-10-16 18:41:48,116] {processor.py:641} INFO - Processing file /home/airflow/.local/lib/python3.7/site-packages/airflow/example_dags/example_dag_decorator.py for tasks to queue
[2025-10-16 18:41:48,117] {logging_mixin.py:115} INFO - [2025-10-16 18:41:48,117] {dagbag.py:507} INFO - Filling up the DagBag from /home/airflow/.local/lib/python3.7/site-packages/airflow/example_dags/example_dag_decorator.py
[2025-10-16 18:41:48,187] {processor.py:651} INFO - DAG(s) dict_keys(['example_dag_decorator']) retrieved from /home/airflow/.local/lib/python3.7/site-packages/airflow/example_dags/example_dag_decorator.py
[2025-10-16 18:41:48,634] {logging_mixin.py:115} INFO - [2025-10-16 18:41:48,634] {dag.py:2379} INFO - Sync 1 DAGs
[2025-10-16 18:41:48,673] {logging_mixin.py:115} INFO - [2025-10-16 18:41:48,673] {dag.py:2931} INFO - Setting next_dagrun for example_dag_decorator to None, run_after=None
[2025-10-16 18:41:48,734] {processor.py:161} INFO - Processing /home/airflow/.local/lib/python3.7/site-packages/airflow/example_dags/example_dag_decorator.py took 0.656 seconds
[2025-10-16 18:42:19,830] {processor.py:153} INFO - Started process (PID=807) to work on /home/airflow/.local/lib/python3.7/site-packages/airflow/example_dags/example_dag_decorator.py
[2025-10-16 18:42:19,833] {processor.py:641} INFO - Processing file /home/airflow/.local/lib/python3.7/site-packages/airflow/example_dags/example_dag_decorator.py for tasks to queue
[2025-10-16 18:42:19,834] {logging_mixin.py:115} INFO - [2025-10-16 18:42:19,834] {dagbag.py:507} INFO - Filling up the DagBag from /home/airflow/.local/lib/python3.7/site-packages/airflow/example_dags/example_dag_decorator.py
[2025-10-16 18:42:19,882] {processor.py:651} INFO - DAG(s) dict_keys(['example_dag_decorator']) retrieved from /home/airflow/.local/lib/python3.7/site-packages/airflow/example_dags/example_dag_decorator.py
[2025-10-16 18:42:20,526] {logging_mixin.py:115} INFO - [2025-10-16 18:42:20,526] {dag.py:2379} INFO - Sync 1 DAGs
[2025-10-16 18:42:20,570] {logging_mixin.py:115} INFO - [2025-10-16 18:42:20,570] {dag.py:2931} INFO - Setting next_dagrun for example_dag_decorator to None, run_after=None
[2025-10-16 18:42:20,620] {processor.py:161} INFO - Processing /home/airflow/.local/lib/python3.7/site-packages/airflow/example_dags/example_dag_decorator.py took 0.798 seconds
[2025-10-16 18:58:37,055] {processor.py:153} INFO - Started process (PID=858) to work on /home/airflow/.local/lib/python3.7/site-packages/airflow/example_dags/example_dag_decorator.py
[2025-10-16 18:58:37,063] {processor.py:641} INFO - Processing file /home/airflow/.local/lib/python3.7/site-packages/airflow/example_dags/example_dag_decorator.py for tasks to queue
[2025-10-16 18:58:37,076] {logging_mixin.py:115} INFO - [2025-10-16 18:58:37,075] {dagbag.py:507} INFO - Filling up the DagBag from /home/airflow/.local/lib/python3.7/site-packages/airflow/example_dags/example_dag_decorator.py
[2025-10-16 18:58:37,186] {processor.py:651} INFO - DAG(s) dict_keys(['example_dag_decorator']) retrieved from /home/airflow/.local/lib/python3.7/site-packages/airflow/example_dags/example_dag_decorator.py
[2025-10-16 18:58:37,735] {logging_mixin.py:115} INFO - [2025-10-16 18:58:37,734] {dag.py:2379} INFO - Sync 1 DAGs
[2025-10-16 18:58:37,759] {logging_mixin.py:115} INFO - [2025-10-16 18:58:37,759] {dag.py:2931} INFO - Setting next_dagrun for example_dag_decorator to None, run_after=None
[2025-10-16 18:58:37,810] {processor.py:161} INFO - Processing /home/airflow/.local/lib/python3.7/site-packages/airflow/example_dags/example_dag_decorator.py took 0.760 seconds
[2025-10-16 18:59:08,205] {processor.py:153} INFO - Started process (PID=910) to work on /home/airflow/.local/lib/python3.7/site-packages/airflow/example_dags/example_dag_decorator.py
[2025-10-16 18:59:08,205] {processor.py:641} INFO - Processing file /home/airflow/.local/lib/python3.7/site-packages/airflow/example_dags/example_dag_decorator.py for tasks to queue
[2025-10-16 18:59:08,206] {logging_mixin.py:115} INFO - [2025-10-16 18:59:08,206] {dagbag.py:507} INFO - Filling up the DagBag from /home/airflow/.local/lib/python3.7/site-packages/airflow/example_dags/example_dag_decorator.py
[2025-10-16 18:59:08,230] {processor.py:651} INFO - DAG(s) dict_keys(['example_dag_decorator']) retrieved from /home/airflow/.local/lib/python3.7/site-packages/airflow/example_dags/example_dag_decorator.py
[2025-10-16 18:59:08,379] {logging_mixin.py:115} INFO - [2025-10-16 18:59:08,379] {dag.py:2379} INFO - Sync 1 DAGs
[2025-10-16 18:59:08,399] {logging_mixin.py:115} INFO - [2025-10-16 18:59:08,398] {dag.py:2931} INFO - Setting next_dagrun for example_dag_decorator to None, run_after=None
[2025-10-16 18:59:08,418] {processor.py:161} INFO - Processing /home/airflow/.local/lib/python3.7/site-packages/airflow/example_dags/example_dag_decorator.py took 0.215 seconds
[2025-10-16 19:00:14,025] {processor.py:153} INFO - Started process (PID=962) to work on /home/airflow/.local/lib/python3.7/site-packages/airflow/example_dags/example_dag_decorator.py
[2025-10-16 19:00:14,026] {processor.py:641} INFO - Processing file /home/airflow/.local/lib/python3.7/site-packages/airflow/example_dags/example_dag_decorator.py for tasks to queue
[2025-10-16 19:00:14,027] {logging_mixin.py:115} INFO - [2025-10-16 19:00:14,027] {dagbag.py:507} INFO - Filling up the DagBag from /home/airflow/.local/lib/python3.7/site-packages/airflow/example_dags/example_dag_decorator.py
[2025-10-16 19:00:14,041] {processor.py:651} INFO - DAG(s) dict_keys(['example_dag_decorator']) retrieved from /home/airflow/.local/lib/python3.7/site-packages/airflow/example_dags/example_dag_decorator.py
[2025-10-16 19:00:14,073] {logging_mixin.py:115} INFO - [2025-10-16 19:00:14,070] {dag.py:2379} INFO - Sync 1 DAGs
[2025-10-16 19:00:14,183] {logging_mixin.py:115} INFO - [2025-10-16 19:00:14,183] {dag.py:2931} INFO - Setting next_dagrun for example_dag_decorator to None, run_after=None
[2025-10-16 19:00:14,198] {processor.py:161} INFO - Processing /home/airflow/.local/lib/python3.7/site-packages/airflow/example_dags/example_dag_decorator.py took 0.175 seconds
[2025-10-16 19:00:46,285] {processor.py:153} INFO - Started process (PID=1023) to work on /home/airflow/.local/lib/python3.7/site-packages/airflow/example_dags/example_dag_decorator.py
[2025-10-16 19:00:46,287] {processor.py:641} INFO - Processing file /home/airflow/.local/lib/python3.7/site-packages/airflow/example_dags/example_dag_decorator.py for tasks to queue
[2025-10-16 19:00:46,287] {logging_mixin.py:115} INFO - [2025-10-16 19:00:46,287] {dagbag.py:507} INFO - Filling up the DagBag from /home/airflow/.local/lib/python3.7/site-packages/airflow/example_dags/example_dag_decorator.py
[2025-10-16 19:00:46,322] {processor.py:651} INFO - DAG(s) dict_keys(['example_dag_decorator']) retrieved from /home/airflow/.local/lib/python3.7/site-packages/airflow/example_dags/example_dag_decorator.py
[2025-10-16 19:00:46,680] {logging_mixin.py:115} INFO - [2025-10-16 19:00:46,680] {dag.py:2379} INFO - Sync 1 DAGs
[2025-10-16 19:00:46,716] {logging_mixin.py:115} INFO - [2025-10-16 19:00:46,715] {dag.py:2931} INFO - Setting next_dagrun for example_dag_decorator to None, run_after=None
[2025-10-16 19:00:46,736] {processor.py:161} INFO - Processing /home/airflow/.local/lib/python3.7/site-packages/airflow/example_dags/example_dag_decorator.py took 0.455 seconds
[2025-10-16 19:01:16,792] {processor.py:153} INFO - Started process (PID=1084) to work on /home/airflow/.local/lib/python3.7/site-packages/airflow/example_dags/example_dag_decorator.py
[2025-10-16 19:01:16,793] {processor.py:641} INFO - Processing file /home/airflow/.local/lib/python3.7/site-packages/airflow/example_dags/example_dag_decorator.py for tasks to queue
[2025-10-16 19:01:16,794] {logging_mixin.py:115} INFO - [2025-10-16 19:01:16,794] {dagbag.py:507} INFO - Filling up the DagBag from /home/airflow/.local/lib/python3.7/site-packages/airflow/example_dags/example_dag_decorator.py
[2025-10-16 19:01:16,806] {processor.py:651} INFO - DAG(s) dict_keys(['example_dag_decorator']) retrieved from /home/airflow/.local/lib/python3.7/site-packages/airflow/example_dags/example_dag_decorator.py
[2025-10-16 19:01:16,947] {logging_mixin.py:115} INFO - [2025-10-16 19:01:16,947] {dag.py:2379} INFO - Sync 1 DAGs
[2025-10-16 19:01:16,962] {logging_mixin.py:115} INFO - [2025-10-16 19:01:16,962] {dag.py:2931} INFO - Setting next_dagrun for example_dag_decorator to None, run_after=None
[2025-10-16 19:01:16,977] {processor.py:161} INFO - Processing /home/airflow/.local/lib/python3.7/site-packages/airflow/example_dags/example_dag_decorator.py took 0.188 seconds
[2025-10-16 19:01:47,055] {processor.py:153} INFO - Started process (PID=1145) to work on /home/airflow/.local/lib/python3.7/site-packages/airflow/example_dags/example_dag_decorator.py
[2025-10-16 19:01:47,058] {processor.py:641} INFO - Processing file /home/airflow/.local/lib/python3.7/site-packages/airflow/example_dags/example_dag_decorator.py for tasks to queue
[2025-10-16 19:01:47,060] {logging_mixin.py:115} INFO - [2025-10-16 19:01:47,060] {dagbag.py:507} INFO - Filling up the DagBag from /home/airflow/.local/lib/python3.7/site-packages/airflow/example_dags/example_dag_decorator.py
[2025-10-16 19:01:47,073] {processor.py:651} INFO - DAG(s) dict_keys(['example_dag_decorator']) retrieved from /home/airflow/.local/lib/python3.7/site-packages/airflow/example_dags/example_dag_decorator.py
[2025-10-16 19:01:47,219] {logging_mixin.py:115} INFO - [2025-10-16 19:01:47,219] {dag.py:2379} INFO - Sync 1 DAGs
[2025-10-16 19:01:47,235] {logging_mixin.py:115} INFO - [2025-10-16 19:01:47,235] {dag.py:2931} INFO - Setting next_dagrun for example_dag_decorator to None, run_after=None
[2025-10-16 19:01:47,248] {processor.py:161} INFO - Processing /home/airflow/.local/lib/python3.7/site-packages/airflow/example_dags/example_dag_decorator.py took 0.196 seconds
[2025-10-16 19:02:18,166] {processor.py:153} INFO - Started process (PID=1204) to work on /home/airflow/.local/lib/python3.7/site-packages/airflow/example_dags/example_dag_decorator.py
[2025-10-16 19:02:18,167] {processor.py:641} INFO - Processing file /home/airflow/.local/lib/python3.7/site-packages/airflow/example_dags/example_dag_decorator.py for tasks to queue
[2025-10-16 19:02:18,169] {logging_mixin.py:115} INFO - [2025-10-16 19:02:18,169] {dagbag.py:507} INFO - Filling up the DagBag from /home/airflow/.local/lib/python3.7/site-packages/airflow/example_dags/example_dag_decorator.py
[2025-10-16 19:02:18,191] {processor.py:651} INFO - DAG(s) dict_keys(['example_dag_decorator']) retrieved from /home/airflow/.local/lib/python3.7/site-packages/airflow/example_dags/example_dag_decorator.py
[2025-10-16 19:02:18,347] {logging_mixin.py:115} INFO - [2025-10-16 19:02:18,346] {dag.py:2379} INFO - Sync 1 DAGs
[2025-10-16 19:02:18,366] {logging_mixin.py:115} INFO - [2025-10-16 19:02:18,366] {dag.py:2931} INFO - Setting next_dagrun for example_dag_decorator to None, run_after=None
[2025-10-16 19:02:18,389] {processor.py:161} INFO - Processing /home/airflow/.local/lib/python3.7/site-packages/airflow/example_dags/example_dag_decorator.py took 0.225 seconds
[2025-10-16 19:02:48,500] {processor.py:153} INFO - Started process (PID=1258) to work on /home/airflow/.local/lib/python3.7/site-packages/airflow/example_dags/example_dag_decorator.py
[2025-10-16 19:02:48,503] {processor.py:641} INFO - Processing file /home/airflow/.local/lib/python3.7/site-packages/airflow/example_dags/example_dag_decorator.py for tasks to queue
[2025-10-16 19:02:48,504] {logging_mixin.py:115} INFO - [2025-10-16 19:02:48,504] {dagbag.py:507} INFO - Filling up the DagBag from /home/airflow/.local/lib/python3.7/site-packages/airflow/example_dags/example_dag_decorator.py
[2025-10-16 19:02:48,522] {processor.py:651} INFO - DAG(s) dict_keys(['example_dag_decorator']) retrieved from /home/airflow/.local/lib/python3.7/site-packages/airflow/example_dags/example_dag_decorator.py
[2025-10-16 19:02:48,680] {logging_mixin.py:115} INFO - [2025-10-16 19:02:48,680] {dag.py:2379} INFO - Sync 1 DAGs
[2025-10-16 19:02:48,697] {logging_mixin.py:115} INFO - [2025-10-16 19:02:48,697] {dag.py:2931} INFO - Setting next_dagrun for example_dag_decorator to None, run_after=None
[2025-10-16 19:02:48,709] {processor.py:161} INFO - Processing /home/airflow/.local/lib/python3.7/site-packages/airflow/example_dags/example_dag_decorator.py took 0.211 seconds
[2025-10-16 19:03:18,738] {processor.py:153} INFO - Started process (PID=1319) to work on /home/airflow/.local/lib/python3.7/site-packages/airflow/example_dags/example_dag_decorator.py
[2025-10-16 19:03:18,739] {processor.py:641} INFO - Processing file /home/airflow/.local/lib/python3.7/site-packages/airflow/example_dags/example_dag_decorator.py for tasks to queue
[2025-10-16 19:03:18,739] {logging_mixin.py:115} INFO - [2025-10-16 19:03:18,739] {dagbag.py:507} INFO - Filling up the DagBag from /home/airflow/.local/lib/python3.7/site-packages/airflow/example_dags/example_dag_decorator.py
[2025-10-16 19:03:18,756] {processor.py:651} INFO - DAG(s) dict_keys(['example_dag_decorator']) retrieved from /home/airflow/.local/lib/python3.7/site-packages/airflow/example_dags/example_dag_decorator.py
[2025-10-16 19:03:18,907] {logging_mixin.py:115} INFO - [2025-10-16 19:03:18,907] {dag.py:2379} INFO - Sync 1 DAGs
[2025-10-16 19:03:18,922] {logging_mixin.py:115} INFO - [2025-10-16 19:03:18,922] {dag.py:2931} INFO - Setting next_dagrun for example_dag_decorator to None, run_after=None
[2025-10-16 19:03:18,933] {processor.py:161} INFO - Processing /home/airflow/.local/lib/python3.7/site-packages/airflow/example_dags/example_dag_decorator.py took 0.197 seconds
[2025-10-16 19:03:49,949] {processor.py:153} INFO - Started process (PID=1380) to work on /home/airflow/.local/lib/python3.7/site-packages/airflow/example_dags/example_dag_decorator.py
[2025-10-16 19:03:49,949] {processor.py:641} INFO - Processing file /home/airflow/.local/lib/python3.7/site-packages/airflow/example_dags/example_dag_decorator.py for tasks to queue
[2025-10-16 19:03:49,950] {logging_mixin.py:115} INFO - [2025-10-16 19:03:49,950] {dagbag.py:507} INFO - Filling up the DagBag from /home/airflow/.local/lib/python3.7/site-packages/airflow/example_dags/example_dag_decorator.py
[2025-10-16 19:03:49,969] {processor.py:651} INFO - DAG(s) dict_keys(['example_dag_decorator']) retrieved from /home/airflow/.local/lib/python3.7/site-packages/airflow/example_dags/example_dag_decorator.py
[2025-10-16 19:03:50,129] {logging_mixin.py:115} INFO - [2025-10-16 19:03:50,129] {dag.py:2379} INFO - Sync 1 DAGs
[2025-10-16 19:03:50,147] {logging_mixin.py:115} INFO - [2025-10-16 19:03:50,147] {dag.py:2931} INFO - Setting next_dagrun for example_dag_decorator to None, run_after=None
[2025-10-16 19:03:50,162] {processor.py:161} INFO - Processing /home/airflow/.local/lib/python3.7/site-packages/airflow/example_dags/example_dag_decorator.py took 0.216 seconds
[2025-10-16 19:04:20,427] {processor.py:153} INFO - Started process (PID=1441) to work on /home/airflow/.local/lib/python3.7/site-packages/airflow/example_dags/example_dag_decorator.py
[2025-10-16 19:04:20,427] {processor.py:641} INFO - Processing file /home/airflow/.local/lib/python3.7/site-packages/airflow/example_dags/example_dag_decorator.py for tasks to queue
[2025-10-16 19:04:20,428] {logging_mixin.py:115} INFO - [2025-10-16 19:04:20,428] {dagbag.py:507} INFO - Filling up the DagBag from /home/airflow/.local/lib/python3.7/site-packages/airflow/example_dags/example_dag_decorator.py
[2025-10-16 19:04:20,443] {processor.py:651} INFO - DAG(s) dict_keys(['example_dag_decorator']) retrieved from /home/airflow/.local/lib/python3.7/site-packages/airflow/example_dags/example_dag_decorator.py
[2025-10-16 19:04:20,578] {logging_mixin.py:115} INFO - [2025-10-16 19:04:20,577] {dag.py:2379} INFO - Sync 1 DAGs
[2025-10-16 19:04:20,594] {logging_mixin.py:115} INFO - [2025-10-16 19:04:20,594] {dag.py:2931} INFO - Setting next_dagrun for example_dag_decorator to None, run_after=None
[2025-10-16 19:04:20,604] {processor.py:161} INFO - Processing /home/airflow/.local/lib/python3.7/site-packages/airflow/example_dags/example_dag_decorator.py took 0.180 seconds
[2025-10-16 19:04:51,510] {processor.py:153} INFO - Started process (PID=1493) to work on /home/airflow/.local/lib/python3.7/site-packages/airflow/example_dags/example_dag_decorator.py
[2025-10-16 19:04:51,510] {processor.py:641} INFO - Processing file /home/airflow/.local/lib/python3.7/site-packages/airflow/example_dags/example_dag_decorator.py for tasks to queue
[2025-10-16 19:04:51,511] {logging_mixin.py:115} INFO - [2025-10-16 19:04:51,511] {dagbag.py:507} INFO - Filling up the DagBag from /home/airflow/.local/lib/python3.7/site-packages/airflow/example_dags/example_dag_decorator.py
[2025-10-16 19:04:51,531] {processor.py:651} INFO - DAG(s) dict_keys(['example_dag_decorator']) retrieved from /home/airflow/.local/lib/python3.7/site-packages/airflow/example_dags/example_dag_decorator.py
[2025-10-16 19:04:51,553] {logging_mixin.py:115} INFO - [2025-10-16 19:04:51,553] {dag.py:2379} INFO - Sync 1 DAGs
[2025-10-16 19:04:51,687] {logging_mixin.py:115} INFO - [2025-10-16 19:04:51,687] {dag.py:2931} INFO - Setting next_dagrun for example_dag_decorator to None, run_after=None
[2025-10-16 19:04:51,700] {processor.py:161} INFO - Processing /home/airflow/.local/lib/python3.7/site-packages/airflow/example_dags/example_dag_decorator.py took 0.194 seconds
[2025-10-16 19:05:21,872] {processor.py:153} INFO - Started process (PID=1554) to work on /home/airflow/.local/lib/python3.7/site-packages/airflow/example_dags/example_dag_decorator.py
[2025-10-16 19:05:21,873] {processor.py:641} INFO - Processing file /home/airflow/.local/lib/python3.7/site-packages/airflow/example_dags/example_dag_decorator.py for tasks to queue
[2025-10-16 19:05:21,873] {logging_mixin.py:115} INFO - [2025-10-16 19:05:21,873] {dagbag.py:507} INFO - Filling up the DagBag from /home/airflow/.local/lib/python3.7/site-packages/airflow/example_dags/example_dag_decorator.py
[2025-10-16 19:05:21,888] {processor.py:651} INFO - DAG(s) dict_keys(['example_dag_decorator']) retrieved from /home/airflow/.local/lib/python3.7/site-packages/airflow/example_dags/example_dag_decorator.py
[2025-10-16 19:05:22,030] {logging_mixin.py:115} INFO - [2025-10-16 19:05:22,029] {dag.py:2379} INFO - Sync 1 DAGs
[2025-10-16 19:05:22,044] {logging_mixin.py:115} INFO - [2025-10-16 19:05:22,044] {dag.py:2931} INFO - Setting next_dagrun for example_dag_decorator to None, run_after=None
[2025-10-16 19:05:22,055] {processor.py:161} INFO - Processing /home/airflow/.local/lib/python3.7/site-packages/airflow/example_dags/example_dag_decorator.py took 0.185 seconds
[2025-10-16 19:05:52,430] {processor.py:153} INFO - Started process (PID=1615) to work on /home/airflow/.local/lib/python3.7/site-packages/airflow/example_dags/example_dag_decorator.py
[2025-10-16 19:05:52,431] {processor.py:641} INFO - Processing file /home/airflow/.local/lib/python3.7/site-packages/airflow/example_dags/example_dag_decorator.py for tasks to queue
[2025-10-16 19:05:52,433] {logging_mixin.py:115} INFO - [2025-10-16 19:05:52,433] {dagbag.py:507} INFO - Filling up the DagBag from /home/airflow/.local/lib/python3.7/site-packages/airflow/example_dags/example_dag_decorator.py
[2025-10-16 19:05:52,453] {processor.py:651} INFO - DAG(s) dict_keys(['example_dag_decorator']) retrieved from /home/airflow/.local/lib/python3.7/site-packages/airflow/example_dags/example_dag_decorator.py
[2025-10-16 19:05:52,618] {logging_mixin.py:115} INFO - [2025-10-16 19:05:52,618] {dag.py:2379} INFO - Sync 1 DAGs
[2025-10-16 19:05:52,633] {logging_mixin.py:115} INFO - [2025-10-16 19:05:52,633] {dag.py:2931} INFO - Setting next_dagrun for example_dag_decorator to None, run_after=None
[2025-10-16 19:05:52,645] {processor.py:161} INFO - Processing /home/airflow/.local/lib/python3.7/site-packages/airflow/example_dags/example_dag_decorator.py took 0.219 seconds
